2025-10-28T06:20:57.1075713Z Container start method called.
2025-10-28T06:20:57.1083249Z Establishing network.
2025-10-28T06:20:57.1252724Z Pulling image: appsvc/node:20-lts_20250724.2.tuxprod.
2025-10-28T06:20:59.9662408Z Container is starting.
2025-10-28T06:20:59.9842703Z Establishing user namespace if not established already.
2025-10-28T06:20:59.9844723Z Establishing network if not established already.
2025-10-28T06:20:59.9845785Z Mounting volumes.
2025-10-28T06:20:59.9952636Z Nested mountpoint 
2025-10-28T06:21:00.0643598Z Nested mountpoint volatile/logs
2025-10-28T06:21:00.1367149Z Nested mountpoint 
2025-10-28T06:21:00.1647762Z Nested mountpoint 
2025-10-28T06:21:00.1869814Z Nested mountpoint 
2025-10-28T06:21:00.7822419Z Creating container.
2025-10-28T06:21:00.7828996Z Creating pipes for streaming container io.
2025-10-28T06:21:00.7836850Z Creating stdout named pipe at /podr/container/pipe/26fdd0b53f14_bigin-webhook-server/stdout_d2dd8322b1e14056b13ebfa767348112.
2025-10-28T06:21:00.7930872Z Successfully created stdout named pipe at: /podr/container/pipe/26fdd0b53f14_bigin-webhook-server/stdout_d2dd8322b1e14056b13ebfa767348112.
2025-10-28T06:21:00.7934972Z Opening named pipe /podr/container/pipe/26fdd0b53f14_bigin-webhook-server/stdout_d2dd8322b1e14056b13ebfa767348112 for reading in non-blocking mode.
2025-10-28T06:21:00.7942668Z Successfully opened named pipe: /podr/container/pipe/26fdd0b53f14_bigin-webhook-server/stdout_d2dd8322b1e14056b13ebfa767348112.
2025-10-28T06:21:00.7952905Z Successfully removed non-blocking flag from /podr/container/pipe/26fdd0b53f14_bigin-webhook-server/stdout_d2dd8322b1e14056b13ebfa767348112.
2025-10-28T06:21:00.7956289Z Creating stderr named pipe at /podr/container/pipe/26fdd0b53f14_bigin-webhook-server/stderr_aaa656ce5e7d49e89095e89e809aa880.
2025-10-28T06:21:00.8026678Z Successfully created stderr named pipe at: /podr/container/pipe/26fdd0b53f14_bigin-webhook-server/stderr_aaa656ce5e7d49e89095e89e809aa880.
2025-10-28T06:21:00.8031593Z Opening named pipe /podr/container/pipe/26fdd0b53f14_bigin-webhook-server/stderr_aaa656ce5e7d49e89095e89e809aa880 for reading in non-blocking mode.
2025-10-28T06:21:00.8038497Z Successfully opened named pipe: /podr/container/pipe/26fdd0b53f14_bigin-webhook-server/stderr_aaa656ce5e7d49e89095e89e809aa880.
2025-10-28T06:21:00.8042982Z Successfully removed non-blocking flag from /podr/container/pipe/26fdd0b53f14_bigin-webhook-server/stderr_aaa656ce5e7d49e89095e89e809aa880.
2025-10-28T06:21:00.8047234Z Creating container with image: appsvc/node:20-lts_20250724.2.tuxprod from registry: mcr.microsoft.com and fully qualified image name: mcr.microsoft.com/appsvc/node:20-lts_20250724.2.tuxprod
2025-10-28T06:21:01.7167536Z Starting container: 26fdd0b53f14_bigin-webhook-server.
2025-10-28T06:21:01.8300475Z Starting watchers and probes.
2025-10-28T06:21:01.8392605Z Starting metrics collection.
2025-10-28T06:21:01.8504479Z Container is running.
2025-10-28T06:21:02.8580874Z Container start method finished after 5750 ms.
2025-10-28T06:21:31.2000058Z Container has finished running with exit code: 1.
2025-10-28T06:21:31.2306465Z Container is terminating. Grace period: 5 seconds.
2025-10-28T06:21:31.2926466Z Stop and delete container. Retry count = 0
2025-10-28T06:21:31.3013032Z Stopping container: 26fdd0b53f14_bigin-webhook-server.
2025-10-28T06:21:31.6300700Z Deleting container: 26fdd0b53f14_bigin-webhook-server. Retry count = 0
2025-10-28T06:21:34.5069041Z Container get mounts received unexpected exception.
2025-10-28T06:21:34.5097199Z Container get mounts received unexpected exception.
2025-10-28T06:21:34.5265681Z Container get mounts received unexpected exception.
2025-10-28T06:21:34.5472505Z Container get processes received unexpected exception.
2025-10-28T06:21:34.5487428Z Container get processes received unexpected exception.
2025-10-28T06:21:34.6982359Z Container get processes received unexpected exception.
2025-10-28T06:21:34.8393084Z Container get mounts received unexpected exception.
2025-10-28T06:21:34.8488086Z Container get processes received unexpected exception.
2025-10-28T06:21:35.4596097Z Container spec TerminationMessagePolicy  path 
2025-10-28T06:21:35.4916129Z Container is terminated. Total time elapsed: 4239 ms.
2025-10-28T06:21:35.5105290Z Site container: bigin-webhook-server terminated during site startup.
2025-10-28T06:21:35.5495109Z Site startup probe failed after 32.6208872 seconds.
2025-10-28T06:21:36.1584156Z Failed to start site. Revert by stopping site.
2025-10-28T06:21:36.2935661Z Site: bigin-webhook-server stopped.
2025-10-28T06:21:42.618Z ERROR - DockerApiException: Docker API responded with status code=NotFound, response={"message":"manifest for 10.1.0.5:13209/appsvc/node:20-lts_20250724.2.tuxprod not found: manifest unknown: manifest unknown"}

2025-10-28T06:21:42.880Z ERROR - DockerApiException: Docker API responded with status code=NotFound, response={"message":"manifest for 10.1.0.4:13209/appsvc/node:20-lts_20250724.2.tuxprod not found: manifest unknown: manifest unknown"}

2025-10-28T06:21:43.216Z INFO  - 20-lts_20250724.2.tuxprod Pulling from appsvc/node
2025-10-28T06:21:43.249Z INFO  - c19952135643 Pulling fs layer
2025-10-28T06:21:43.255Z INFO  - b49b2c83cf45 Pulling fs layer
2025-10-28T06:21:43.256Z INFO  - a7350ec49683 Pulling fs layer
2025-10-28T06:21:43.256Z INFO  - ca64976d1f75 Pulling fs layer
2025-10-28T06:21:43.257Z INFO  - 9c231cb2d468 Pulling fs layer
2025-10-28T06:21:43.257Z INFO  - 6d5ed858bc79 Pulling fs layer
2025-10-28T06:21:43.258Z INFO  - b147e1d819b6 Pulling fs layer
2025-10-28T06:21:43.258Z INFO  - bddeee446dea Pulling fs layer
2025-10-28T06:21:43.259Z INFO  - 3bba0ee51794 Pulling fs layer
2025-10-28T06:21:43.259Z INFO  - 5b5c68b4e022 Pulling fs layer
2025-10-28T06:21:43.259Z INFO  - 589fad460b75 Pulling fs layer
2025-10-28T06:21:43.271Z INFO  - a4ac82e1650a Pulling fs layer
2025-10-28T06:21:43.274Z INFO  - 6e652537f0de Pulling fs layer
2025-10-28T06:21:43.275Z INFO  - 4f4fb700ef54 Pulling fs layer
2025-10-28T06:21:43.276Z INFO  - 70b2d1c62102 Pulling fs layer
2025-10-28T06:21:43.276Z INFO  - 81114daeece3 Pulling fs layer
2025-10-28T06:21:43.276Z INFO  - 72560126db61 Pulling fs layer
2025-10-28T06:21:43.277Z INFO  - b4ee02498c51 Pulling fs layer
2025-10-28T06:21:43.277Z INFO  - 9f7642f5d897 Pulling fs layer
2025-10-28T06:21:43.278Z INFO  - 064a93d404d8 Pulling fs layer
2025-10-28T06:21:43.278Z INFO  - 9078bcfaabdd Pulling fs layer
2025-10-28T06:21:43.279Z INFO  - 8367cb93fd79 Pulling fs layer
2025-10-28T06:21:43.279Z INFO  - 432802c32c40 Pulling fs layer
2025-10-28T06:21:43.280Z INFO  - b5ee41dce4d1 Pulling fs layer
2025-10-28T06:21:43.285Z INFO  - 299358e274fc Pulling fs layer
2025-10-28T06:21:43.286Z INFO  - a0f687a8a43e Pulling fs layer
2025-10-28T06:21:43.286Z INFO  - f6668cf6fc4f Pulling fs layer
2025-10-28T06:21:43.286Z INFO  - cab9518eb753 Pulling fs layer
2025-10-28T06:21:43.286Z INFO  - f9717d513d08 Pulling fs layer
2025-10-28T06:21:43.287Z INFO  - 81d0cf6a6204 Pulling fs layer
2025-10-28T06:21:43.287Z INFO  - e705a3b12771 Pulling fs layer
2025-10-28T06:21:44.060Z INFO  - 9078bcfaabdd Waiting
2025-10-28T06:21:44.063Z INFO  - 432802c32c40 Waiting
2025-10-28T06:21:44.063Z INFO  - b5ee41dce4d1 Waiting
2025-10-28T06:21:44.071Z INFO  - 299358e274fc Waiting
2025-10-28T06:21:44.074Z INFO  - a0f687a8a43e Waiting
2025-10-28T06:21:44.082Z INFO  - f6668cf6fc4f Waiting
2025-10-28T06:21:44.082Z INFO  - cab9518eb753 Waiting
2025-10-28T06:21:44.083Z INFO  - f9717d513d08 Waiting
2025-10-28T06:21:44.083Z INFO  - 81d0cf6a6204 Waiting
2025-10-28T06:21:44.090Z INFO  - e705a3b12771 Waiting
2025-10-28T06:21:44.091Z INFO  - 8367cb93fd79 Waiting
2025-10-28T06:21:44.091Z INFO  - cdcdb6bbda74 Pulling fs layer
2025-10-28T06:21:44.100Z INFO  - 3c56665f14df Pulling fs layer
2025-10-28T06:21:44.101Z INFO  - 6076b5261919 Pulling fs layer
2025-10-28T06:21:44.104Z INFO  - cfb2442eec7a Pulling fs layer
2025-10-28T06:21:44.110Z INFO  - c7bf2b05e76c Pulling fs layer
2025-10-28T06:21:44.111Z INFO  - 9e40ee8f5c7c Pulling fs layer
2025-10-28T06:21:44.111Z INFO  - cdcdb6bbda74 Waiting
2025-10-28T06:21:44.112Z INFO  - 3c56665f14df Waiting
2025-10-28T06:21:44.113Z INFO  - 6076b5261919 Waiting
2025-10-28T06:21:44.120Z INFO  - cfb2442eec7a Waiting
2025-10-28T06:21:44.124Z INFO  - c7bf2b05e76c Waiting
2025-10-28T06:21:44.124Z INFO  - 9e40ee8f5c7c Waiting
2025-10-28T06:21:44.477Z INFO  - a7350ec49683 Downloading 814KB / 3MB
2025-10-28T06:21:44.506Z INFO  - b147e1d819b6 Downloading 3KB / 10KB
2025-10-28T06:21:44.507Z INFO  - 6d5ed858bc79 Downloading 3KB / 39KB
2025-10-28T06:21:44.507Z INFO  - bddeee446dea Downloading 3KB / 14KB
2025-10-28T06:21:44.520Z INFO  - 72560126db61 Downloading 766KB / 11MB
2025-10-28T06:21:44.529Z INFO  - 9f7642f5d897 Downloading 126B / 126B
2025-10-28T06:21:44.530Z INFO  - ca64976d1f75 Downloading 387B / 387B
2025-10-28T06:21:44.537Z INFO  - b147e1d819b6 Downloading 10KB / 10KB
2025-10-28T06:21:44.538Z INFO  - 6d5ed858bc79 Downloading 39KB / 39KB
2025-10-28T06:21:44.539Z INFO  - bddeee446dea Downloading 14KB / 14KB
2025-10-28T06:21:44.552Z INFO  - 9f7642f5d897 Verifying Checksum
2025-10-28T06:21:44.552Z INFO  - 9f7642f5d897 Download complete
2025-10-28T06:21:44.557Z INFO  - ca64976d1f75 Verifying Checksum
2025-10-28T06:21:44.557Z INFO  - ca64976d1f75 Download complete
2025-10-28T06:21:44.558Z INFO  - b147e1d819b6 Verifying Checksum
2025-10-28T06:21:44.651Z INFO  - b147e1d819b6 Download complete
2025-10-28T06:21:44.652Z INFO  - 6d5ed858bc79 Verifying Checksum
2025-10-28T06:21:44.659Z INFO  - 6d5ed858bc79 Download complete
2025-10-28T06:21:44.659Z INFO  - bddeee446dea Verifying Checksum
2025-10-28T06:21:44.659Z INFO  - bddeee446dea Download complete
2025-10-28T06:21:44.661Z INFO  - 3bba0ee51794 Downloading 158KB / 281KB
2025-10-28T06:21:44.670Z INFO  - a4ac82e1650a Downloading 126KB / 1MB
2025-10-28T06:21:44.678Z INFO  - 3bba0ee51794 Downloading 281KB / 281KB
2025-10-28T06:21:44.679Z INFO  - 3bba0ee51794 Verifying Checksum
2025-10-28T06:21:44.679Z INFO  - 3bba0ee51794 Download complete
2025-10-28T06:21:44.691Z INFO  - 72560126db61 Downloading 2MB / 11MB
2025-10-28T06:21:44.701Z INFO  - 9c231cb2d468 Downloading 254KB / 1MB
2025-10-28T06:21:44.732Z INFO  - a4ac82e1650a Downloading 222KB / 1MB
2025-10-28T06:21:44.839Z INFO  - 5b5c68b4e022 Downloading 3KB / 10KB
2025-10-28T06:21:44.840Z INFO  - b4ee02498c51 Downloading 1MB / 16MB
2025-10-28T06:21:44.842Z INFO  - 4f4fb700ef54 Downloading 32B / 32B
2025-10-28T06:21:44.861Z INFO  - 5b5c68b4e022 Downloading 10KB / 10KB
2025-10-28T06:21:44.862Z INFO  - 6e652537f0de Verifying Checksum
2025-10-28T06:21:44.862Z INFO  - 6e652537f0de Download complete
2025-10-28T06:21:44.870Z INFO  - 4f4fb700ef54 Verifying Checksum
2025-10-28T06:21:44.872Z INFO  - 4f4fb700ef54 Download complete
2025-10-28T06:21:44.872Z INFO  - 5b5c68b4e022 Verifying Checksum
2025-10-28T06:21:44.872Z INFO  - 5b5c68b4e022 Download complete
2025-10-28T06:21:45.011Z INFO  - b49b2c83cf45 Downloading 734KB / 35MB
2025-10-28T06:21:45.030Z INFO  - a7350ec49683 Downloading 3MB / 3MB
2025-10-28T06:21:45.030Z INFO  - b4ee02498c51 Downloading 1MB / 16MB
2025-10-28T06:21:45.050Z INFO  - 81114daeece3 Downloading 1MB / 46MB
2025-10-28T06:21:45.060Z INFO  - a4ac82e1650a Downloading 1MB / 1MB
2025-10-28T06:21:45.096Z INFO  - a4ac82e1650a Verifying Checksum
2025-10-28T06:21:45.097Z INFO  - a4ac82e1650a Download complete
2025-10-28T06:21:45.101Z INFO  - a7350ec49683 Verifying Checksum
2025-10-28T06:21:45.102Z INFO  - a7350ec49683 Download complete
2025-10-28T06:21:45.194Z INFO  - 9c231cb2d468 Downloading 1MB / 1MB
2025-10-28T06:21:45.243Z INFO  - b4ee02498c51 Downloading 2MB / 16MB
2025-10-28T06:21:45.273Z INFO  - 81114daeece3 Downloading 2MB / 46MB
2025-10-28T06:21:45.303Z INFO  - b49b2c83cf45 Downloading 1MB / 35MB
2025-10-28T06:21:45.343Z INFO  - 9c231cb2d468 Verifying Checksum
2025-10-28T06:21:45.355Z INFO  - 9c231cb2d468 Download complete
2025-10-28T06:21:45.615Z INFO  - c19952135643 Downloading 1MB / 46MB
2025-10-28T06:21:45.616Z INFO  - 81114daeece3 Downloading 3MB / 46MB
2025-10-28T06:21:45.624Z INFO  - 70b2d1c62102 Downloading 942KB / 45MB
2025-10-28T06:21:45.625Z INFO  - 064a93d404d8 Downloading 2MB / 5MB
2025-10-28T06:21:45.804Z INFO  - 72560126db61 Downloading 5MB / 11MB
2025-10-28T06:21:45.974Z INFO  - b4ee02498c51 Downloading 3MB / 16MB
2025-10-28T06:21:45.977Z INFO  - c19952135643 Downloading 2MB / 46MB
2025-10-28T06:21:45.985Z INFO  - 81114daeece3 Downloading 5MB / 46MB
2025-10-28T06:21:45.986Z INFO  - 70b2d1c62102 Downloading 2MB / 45MB
2025-10-28T06:21:45.994Z INFO  - b49b2c83cf45 Downloading 4MB / 35MB
2025-10-28T06:21:45.995Z INFO  - 064a93d404d8 Verifying Checksum
2025-10-28T06:21:45.995Z INFO  - 064a93d404d8 Download complete
2025-10-28T06:21:46.067Z INFO  - 70b2d1c62102 Downloading 3MB / 45MB
2025-10-28T06:21:46.095Z INFO  - b4ee02498c51 Downloading 4MB / 16MB
2025-10-28T06:21:46.115Z INFO  - c19952135643 Downloading 3MB / 46MB
2025-10-28T06:21:46.118Z INFO  - 81114daeece3 Downloading 6MB / 46MB
2025-10-28T06:21:46.147Z INFO  - 72560126db61 Downloading 6MB / 11MB
2025-10-28T06:21:46.378Z INFO  - 81114daeece3 Downloading 7MB / 46MB
2025-10-28T06:21:46.507Z INFO  - c19952135643 Downloading 5MB / 46MB
2025-10-28T06:21:46.781Z INFO  - 81114daeece3 Downloading 9MB / 46MB
2025-10-28T06:21:46.781Z INFO  - 72560126db61 Downloading 9MB / 11MB
2025-10-28T06:21:46.789Z INFO  - b49b2c83cf45 Downloading 7MB / 35MB
2025-10-28T06:21:46.789Z INFO  - 432802c32c40 Downloading 139B / 139B
2025-10-28T06:21:46.799Z INFO  - 432802c32c40 Verifying Checksum
2025-10-28T06:21:46.799Z INFO  - 432802c32c40 Download complete
2025-10-28T06:21:46.920Z INFO  - c19952135643 Downloading 6MB / 46MB
2025-10-28T06:21:46.921Z INFO  - b49b2c83cf45 Downloading 8MB / 35MB
2025-10-28T06:21:46.949Z INFO  - b4ee02498c51 Downloading 8MB / 16MB
2025-10-28T06:21:46.959Z INFO  - a0f687a8a43e Downloading 1KB / 1KB
2025-10-28T06:21:46.961Z INFO  - e705a3b12771 Downloading 269B / 269B
2025-10-28T06:21:46.961Z INFO  - cab9518eb753 Downloading 151B / 151B
2025-10-28T06:21:46.962Z INFO  - 299358e274fc Downloading 1KB / 1KB
2025-10-28T06:21:46.962Z INFO  - 72560126db61 Verifying Checksum
2025-10-28T06:21:46.963Z INFO  - 72560126db61 Download complete
2025-10-28T06:21:46.963Z INFO  - f6668cf6fc4f Downloading 3KB / 3KB
2025-10-28T06:21:46.964Z INFO  - f9717d513d08 Downloading 13KB / 13KB
2025-10-28T06:21:46.964Z INFO  - a0f687a8a43e Verifying Checksum
2025-10-28T06:21:46.970Z INFO  - a0f687a8a43e Download complete
2025-10-28T06:21:46.970Z INFO  - e705a3b12771 Verifying Checksum
2025-10-28T06:21:46.971Z INFO  - e705a3b12771 Download complete
2025-10-28T06:21:46.971Z INFO  - cab9518eb753 Verifying Checksum
2025-10-28T06:21:46.971Z INFO  - cab9518eb753 Download complete
2025-10-28T06:21:46.972Z INFO  - 299358e274fc Verifying Checksum
2025-10-28T06:21:46.972Z INFO  - 299358e274fc Download complete
2025-10-28T06:21:46.973Z INFO  - f6668cf6fc4f Verifying Checksum
2025-10-28T06:21:46.973Z INFO  - f6668cf6fc4f Download complete
2025-10-28T06:21:46.981Z INFO  - f9717d513d08 Verifying Checksum
2025-10-28T06:21:46.982Z INFO  - f9717d513d08 Download complete
2025-10-28T06:21:47.121Z INFO  - b4ee02498c51 Downloading 9MB / 16MB
2025-10-28T06:21:47.123Z INFO  - 8367cb93fd79 Downloading 1KB / 1KB
2025-10-28T06:21:47.130Z INFO  - 81d0cf6a6204 Downloading 1KB / 1KB
2025-10-28T06:21:47.131Z INFO  - 9078bcfaabdd Downloading 948B / 948B
2025-10-28T06:21:47.140Z INFO  - 8367cb93fd79 Verifying Checksum
2025-10-28T06:21:47.140Z INFO  - 8367cb93fd79 Download complete
2025-10-28T06:21:47.141Z INFO  - 81d0cf6a6204 Verifying Checksum
2025-10-28T06:21:47.150Z INFO  - 81d0cf6a6204 Download complete
2025-10-28T06:21:47.151Z INFO  - 9078bcfaabdd Verifying Checksum
2025-10-28T06:21:47.183Z INFO  - 9078bcfaabdd Download complete
2025-10-28T06:21:47.192Z INFO  - c19952135643 Downloading 9MB / 46MB
2025-10-28T06:21:47.259Z INFO  - b5ee41dce4d1 Downloading 526KB / 67MB
2025-10-28T06:21:47.301Z INFO  - b4ee02498c51 Downloading 10MB / 16MB
2025-10-28T06:21:47.301Z INFO  - 70b2d1c62102 Downloading 9MB / 45MB
2025-10-28T06:21:47.472Z INFO  - b49b2c83cf45 Downloading 10MB / 35MB
2025-10-28T06:21:47.472Z INFO  - 81114daeece3 Downloading 12MB / 46MB
2025-10-28T06:21:47.473Z INFO  - b4ee02498c51 Downloading 11MB / 16MB
2025-10-28T06:21:47.493Z INFO  - cdcdb6bbda74 Downloading 269B / 269B
2025-10-28T06:21:47.493Z INFO  - cdcdb6bbda74 Verifying Checksum
2025-10-28T06:21:47.493Z INFO  - cdcdb6bbda74 Download complete
2025-10-28T06:21:47.630Z INFO  - b4ee02498c51 Downloading 11MB / 16MB
2025-10-28T06:21:47.634Z INFO  - c19952135643 Downloading 10MB / 46MB
2025-10-28T06:21:47.673Z INFO  - b5ee41dce4d1 Downloading 1MB / 67MB
2025-10-28T06:21:47.772Z INFO  - c19952135643 Downloading 11MB / 46MB
2025-10-28T06:21:47.772Z INFO  - 81114daeece3 Downloading 14MB / 46MB
2025-10-28T06:21:47.779Z INFO  - 3c56665f14df Downloading 124B / 124B
2025-10-28T06:21:47.790Z INFO  - b49b2c83cf45 Downloading 12MB / 35MB
2025-10-28T06:21:47.792Z INFO  - 3c56665f14df Verifying Checksum
2025-10-28T06:21:47.811Z INFO  - 3c56665f14df Download complete
2025-10-28T06:21:48.487Z INFO  - b4ee02498c51 Downloading 13MB / 16MB
2025-10-28T06:21:48.487Z INFO  - 70b2d1c62102 Downloading 15MB / 45MB
2025-10-28T06:21:48.487Z INFO  - b4ee02498c51 Downloading 13MB / 16MB
2025-10-28T06:21:48.592Z INFO  - c19952135643 Downloading 12MB / 46MB
2025-10-28T06:21:48.592Z INFO  - b5ee41dce4d1 Downloading 3MB / 67MB
2025-10-28T06:21:48.592Z INFO  - b49b2c83cf45 Downloading 12MB / 35MB
2025-10-28T06:21:48.822Z INFO  - c19952135643 Downloading 13MB / 46MB
2025-10-28T06:21:48.824Z INFO  - b49b2c83cf45 Downloading 13MB / 35MB
2025-10-28T06:21:48.885Z INFO  - 70b2d1c62102 Downloading 16MB / 45MB
2025-10-28T06:21:48.885Z INFO  - b5ee41dce4d1 Downloading 4MB / 67MB
2025-10-28T06:21:48.885Z INFO  - 81114daeece3 Downloading 15MB / 46MB
2025-10-28T06:21:48.885Z INFO  - b49b2c83cf45 Downloading 14MB / 35MB
2025-10-28T06:21:48.885Z INFO  - b4ee02498c51 Downloading 15MB / 16MB
2025-10-28T06:21:49.049Z INFO  - b5ee41dce4d1 Downloading 4MB / 67MB
2025-10-28T06:21:49.057Z INFO  - b49b2c83cf45 Downloading 15MB / 35MB
2025-10-28T06:21:49.057Z INFO  - b4ee02498c51 Verifying Checksum
2025-10-28T06:21:49.057Z INFO  - b4ee02498c51 Download complete
2025-10-28T06:21:49.057Z INFO  - c19952135643 Downloading 14MB / 46MB
2025-10-28T06:21:49.167Z INFO  - b49b2c83cf45 Downloading 15MB / 35MB
2025-10-28T06:21:49.267Z INFO  - c19952135643 Downloading 15MB / 46MB
2025-10-28T06:21:49.347Z INFO  - cfb2442eec7a Downloading 1KB / 1KB
2025-10-28T06:21:49.349Z INFO  - 9e40ee8f5c7c Downloading 133B / 133B
2025-10-28T06:21:49.369Z INFO  - cfb2442eec7a Verifying Checksum
2025-10-28T06:21:49.369Z INFO  - cfb2442eec7a Download complete
2025-10-28T06:21:49.369Z INFO  - 9e40ee8f5c7c Verifying Checksum
2025-10-28T06:21:49.369Z INFO  - 9e40ee8f5c7c Download complete
2025-10-28T06:21:49.467Z INFO  - b49b2c83cf45 Downloading 17MB / 35MB
2025-10-28T06:21:49.467Z INFO  - 70b2d1c62102 Downloading 19MB / 45MB
2025-10-28T06:21:49.467Z INFO  - 6076b5261919 Downloading 416B / 416B
2025-10-28T06:21:49.467Z INFO  - 6076b5261919 Verifying Checksum
2025-10-28T06:21:49.467Z INFO  - 6076b5261919 Download complete
2025-10-28T06:21:49.549Z INFO  - b5ee41dce4d1 Downloading 7MB / 67MB
2025-10-28T06:21:49.559Z INFO  - 70b2d1c62102 Downloading 20MB / 45MB
2025-10-28T06:21:49.559Z INFO  - c7bf2b05e76c Downloading 158KB / 1MB
2025-10-28T06:21:49.723Z INFO  - c19952135643 Downloading 16MB / 46MB
2025-10-28T06:21:49.723Z INFO  - 589fad460b75 Downloading 958KB / 1MB
2025-10-28T06:21:49.724Z INFO  - 81114daeece3 Downloading 20MB / 46MB
2025-10-28T06:21:49.724Z INFO  - 589fad460b75 Verifying Checksum
2025-10-28T06:21:49.724Z INFO  - 589fad460b75 Download complete
2025-10-28T06:21:49.724Z INFO  - b49b2c83cf45 Downloading 19MB / 35MB
2025-10-28T06:21:49.724Z INFO  - c19952135643 Downloading 17MB / 46MB
2025-10-28T06:21:49.764Z INFO  - c7bf2b05e76c Downloading 1MB / 1MB
2025-10-28T06:21:49.765Z INFO  - c7bf2b05e76c Verifying Checksum
2025-10-28T06:21:49.766Z INFO  - c7bf2b05e76c Download complete
2025-10-28T06:21:50.013Z INFO  - 81114daeece3 Downloading 23MB / 46MB
2025-10-28T06:21:50.013Z INFO  - b5ee41dce4d1 Downloading 10MB / 67MB
2025-10-28T06:21:50.015Z INFO  - 81114daeece3 Downloading 24MB / 46MB
2025-10-28T06:21:50.075Z INFO  - c19952135643 Downloading 20MB / 46MB
2025-10-28T06:21:50.193Z INFO  - c19952135643 Downloading 22MB / 46MB
2025-10-28T06:21:50.224Z INFO  - 70b2d1c62102 Downloading 25MB / 45MB
2025-10-28T06:21:50.303Z INFO  - 81114daeece3 Downloading 27MB / 46MB
2025-10-28T06:21:50.444Z INFO  - c19952135643 Downloading 23MB / 46MB
2025-10-28T06:21:50.444Z INFO  - b49b2c83cf45 Downloading 24MB / 35MB
2025-10-28T06:21:50.484Z INFO  - c19952135643 Downloading 24MB / 46MB
2025-10-28T06:21:50.487Z INFO  - 81114daeece3 Downloading 28MB / 46MB
2025-10-28T06:21:50.534Z INFO  - c19952135643 Downloading 25MB / 46MB
2025-10-28T06:21:50.625Z INFO  - b49b2c83cf45 Downloading 24MB / 35MB
2025-10-28T06:21:50.715Z INFO  - b5ee41dce4d1 Downloading 13MB / 67MB
2025-10-28T06:21:50.716Z INFO  - 81114daeece3 Downloading 30MB / 46MB
2025-10-28T06:21:50.716Z INFO  - c19952135643 Downloading 26MB / 46MB
2025-10-28T06:21:50.935Z INFO  - 81114daeece3 Downloading 31MB / 46MB
2025-10-28T06:21:50.935Z INFO  - b5ee41dce4d1 Downloading 14MB / 67MB
2025-10-28T06:21:51.015Z INFO  - 70b2d1c62102 Downloading 31MB / 45MB
2025-10-28T06:21:51.036Z INFO  - c19952135643 Downloading 28MB / 46MB
2025-10-28T06:21:51.155Z INFO  - b49b2c83cf45 Downloading 27MB / 35MB
2025-10-28T06:21:51.207Z INFO  - 70b2d1c62102 Downloading 32MB / 45MB
2025-10-28T06:21:51.277Z INFO  - c19952135643 Downloading 29MB / 46MB
2025-10-28T06:21:51.287Z INFO  - 70b2d1c62102 Downloading 33MB / 45MB
2025-10-28T06:21:51.436Z INFO  - c19952135643 Downloading 30MB / 46MB
2025-10-28T06:21:51.436Z INFO  - 70b2d1c62102 Downloading 34MB / 45MB
2025-10-28T06:21:51.498Z INFO  - 81114daeece3 Downloading 33MB / 46MB
2025-10-28T06:21:51.498Z INFO  - b49b2c83cf45 Downloading 29MB / 35MB
2025-10-28T06:21:51.498Z INFO  - b5ee41dce4d1 Downloading 19MB / 67MB
2025-10-28T06:21:51.569Z INFO  - 70b2d1c62102 Downloading 36MB / 45MB
2025-10-28T06:21:51.587Z INFO  - 81114daeece3 Downloading 34MB / 46MB
2025-10-28T06:21:51.721Z INFO  - b49b2c83cf45 Downloading 31MB / 35MB
2025-10-28T06:21:51.919Z INFO  - b5ee41dce4d1 Downloading 22MB / 67MB
2025-10-28T06:21:51.919Z INFO  - 70b2d1c62102 Downloading 38MB / 45MB
2025-10-28T06:21:51.951Z INFO  - 81114daeece3 Downloading 36MB / 46MB
2025-10-28T06:21:52.129Z INFO  - c19952135643 Downloading 35MB / 46MB
2025-10-28T06:21:52.257Z INFO  - 70b2d1c62102 Downloading 39MB / 45MB
2025-10-28T06:21:52.258Z INFO  - b49b2c83cf45 Verifying Checksum
2025-10-28T06:21:52.258Z INFO  - b49b2c83cf45 Download complete
2025-10-28T06:21:52.483Z INFO  - c19952135643 Downloading 37MB / 46MB
2025-10-28T06:21:52.483Z INFO  - 70b2d1c62102 Downloading 40MB / 45MB
2025-10-28T06:21:52.483Z INFO  - b5ee41dce4d1 Downloading 24MB / 67MB
2025-10-28T06:21:52.623Z INFO  - c19952135643 Downloading 38MB / 46MB
2025-10-28T06:21:52.626Z INFO  - 70b2d1c62102 Downloading 42MB / 45MB
2025-10-28T06:21:52.665Z INFO  - 81114daeece3 Downloading 41MB / 46MB
2025-10-28T06:21:52.802Z INFO  - b5ee41dce4d1 Downloading 26MB / 67MB
2025-10-28T06:21:52.802Z INFO  - 70b2d1c62102 Downloading 43MB / 45MB
2025-10-28T06:21:52.918Z INFO  - 81114daeece3 Downloading 42MB / 46MB
2025-10-28T06:21:52.968Z INFO  - c19952135643 Downloading 40MB / 46MB
2025-10-28T06:21:52.980Z INFO  - 70b2d1c62102 Verifying Checksum
2025-10-28T06:21:52.980Z INFO  - 70b2d1c62102 Download complete
2025-10-28T06:21:53.089Z INFO  - 81114daeece3 Downloading 44MB / 46MB
2025-10-28T06:21:53.157Z INFO  - 81114daeece3 Downloading 45MB / 46MB
2025-10-28T06:21:53.197Z INFO  - 81114daeece3 Verifying Checksum
2025-10-28T06:21:53.197Z INFO  - 81114daeece3 Download complete
2025-10-28T06:21:54.112Z INFO  - c19952135643 Downloading 45MB / 46MB
2025-10-28T06:21:54.112Z INFO  - b5ee41dce4d1 Downloading 32MB / 67MB
2025-10-28T06:21:54.112Z INFO  - c19952135643 Verifying Checksum
2025-10-28T06:21:54.112Z INFO  - c19952135643 Download complete
2025-10-28T06:21:54.112Z INFO  - b5ee41dce4d1 Downloading 37MB / 67MB
2025-10-28T06:21:54.112Z INFO  - b5ee41dce4d1 Downloading 39MB / 67MB
2025-10-28T06:21:54.584Z INFO  - b5ee41dce4d1 Downloading 47MB / 67MB
2025-10-28T06:21:54.722Z INFO  - c19952135643 Extracting 3MB / 46MB
2025-10-28T06:21:54.792Z INFO  - b5ee41dce4d1 Downloading 50MB / 67MB
2025-10-28T06:21:54.935Z INFO  - c19952135643 Extracting 4MB / 46MB
2025-10-28T06:21:55.043Z INFO  - b5ee41dce4d1 Downloading 50MB / 67MB
2025-10-28T06:21:55.263Z INFO  - c19952135643 Extracting 6MB / 46MB
2025-10-28T06:21:55.472Z INFO  - b5ee41dce4d1 Downloading 53MB / 67MB
2025-10-28T06:21:55.703Z INFO  - b5ee41dce4d1 Downloading 57MB / 67MB
2025-10-28T06:21:55.879Z INFO  - b5ee41dce4d1 Downloading 58MB / 67MB
2025-10-28T06:21:56.070Z INFO  - b5ee41dce4d1 Downloading 59MB / 67MB
2025-10-28T06:21:56.087Z INFO  - c19952135643 Extracting 9MB / 46MB
2025-10-28T06:21:56.277Z INFO  - b5ee41dce4d1 Downloading 62MB / 67MB
2025-10-28T06:21:56.967Z INFO  - b5ee41dce4d1 Downloading 63MB / 67MB
2025-10-28T06:21:57.349Z INFO  - c19952135643 Extracting 17MB / 46MB
2025-10-28T06:21:57.458Z INFO  - b5ee41dce4d1 Downloading 64MB / 67MB
2025-10-28T06:21:57.460Z INFO  - c19952135643 Extracting 18MB / 46MB
2025-10-28T06:21:57.679Z INFO  - b5ee41dce4d1 Downloading 65MB / 67MB
2025-10-28T06:21:57.710Z INFO  - c19952135643 Extracting 20MB / 46MB
2025-10-28T06:21:57.892Z INFO  - b5ee41dce4d1 Downloading 67MB / 67MB
2025-10-28T06:21:58.203Z INFO  - b5ee41dce4d1 Verifying Checksum
2025-10-28T06:21:58.204Z INFO  - b5ee41dce4d1 Download complete
2025-10-28T06:21:58.211Z INFO  - c19952135643 Extracting 22MB / 46MB
2025-10-28T06:21:58.823Z INFO  - c19952135643 Extracting 25MB / 46MB
2025-10-28T06:21:59.277Z INFO  - c19952135643 Extracting 29MB / 46MB
2025-10-28T06:21:59.651Z INFO  - c19952135643 Extracting 30MB / 46MB
2025-10-28T06:22:00.318Z INFO  - c19952135643 Extracting 31MB / 46MB
2025-10-28T06:22:01.013Z INFO  - c19952135643 Extracting 35MB / 46MB
2025-10-28T06:22:01.235Z INFO  - c19952135643 Extracting 36MB / 46MB
2025-10-28T06:22:01.441Z INFO  - c19952135643 Extracting 37MB / 46MB
2025-10-28T06:22:02.058Z INFO  - c19952135643 Extracting 38MB / 46MB
2025-10-28T06:22:02.389Z INFO  - c19952135643 Extracting 39MB / 46MB
2025-10-28T06:22:02.732Z INFO  - c19952135643 Extracting 40MB / 46MB
2025-10-28T06:22:03.379Z INFO  - c19952135643 Extracting 41MB / 46MB
2025-10-28T06:22:04.058Z INFO  - c19952135643 Extracting 42MB / 46MB
2025-10-28T06:22:04.990Z INFO  - c19952135643 Extracting 44MB / 46MB
2025-10-28T06:22:07.472Z INFO  - c19952135643 Extracting 45MB / 46MB
2025-10-28T06:22:07.786Z INFO  - c19952135643 Extracting 46MB / 46MB
2025-10-28T06:22:08.026Z INFO  - c19952135643 Pull complete
2025-10-28T06:22:08.591Z INFO  - b49b2c83cf45 Extracting 2MB / 35MB
2025-10-28T06:22:08.742Z INFO  - b49b2c83cf45 Extracting 3MB / 35MB
2025-10-28T06:22:08.852Z INFO  - b49b2c83cf45 Extracting 3MB / 35MB
2025-10-28T06:22:09.753Z INFO  - b49b2c83cf45 Extracting 6MB / 35MB
2025-10-28T06:22:09.754Z INFO  - b49b2c83cf45 Extracting 7MB / 35MB
2025-10-28T06:22:09.754Z INFO  - b49b2c83cf45 Extracting 9MB / 35MB
2025-10-28T06:22:09.754Z INFO  - b49b2c83cf45 Extracting 10MB / 35MB
2025-10-28T06:22:09.766Z INFO  - b49b2c83cf45 Extracting 12MB / 35MB
2025-10-28T06:22:09.903Z INFO  - b49b2c83cf45 Extracting 14MB / 35MB
2025-10-28T06:22:10.034Z INFO  - b49b2c83cf45 Extracting 15MB / 35MB
2025-10-28T06:22:10.885Z INFO  - b49b2c83cf45 Extracting 19MB / 35MB
2025-10-28T06:22:11.073Z INFO  - b49b2c83cf45 Extracting 19MB / 35MB
2025-10-28T06:22:12.259Z INFO  - b49b2c83cf45 Extracting 22MB / 35MB
2025-10-28T06:22:12.259Z INFO  - b49b2c83cf45 Extracting 22MB / 35MB
2025-10-28T06:22:12.508Z INFO  - b49b2c83cf45 Extracting 25MB / 35MB
2025-10-28T06:22:12.770Z INFO  - b49b2c83cf45 Extracting 26MB / 35MB
2025-10-28T06:22:12.971Z INFO  - b49b2c83cf45 Extracting 27MB / 35MB
2025-10-28T06:22:14.273Z INFO  - b49b2c83cf45 Extracting 32MB / 35MB
2025-10-28T06:22:14.779Z INFO  - b49b2c83cf45 Extracting 34MB / 35MB
2025-10-28T06:22:14.779Z INFO  - b49b2c83cf45 Extracting 35MB / 35MB
2025-10-28T06:22:14.794Z INFO  - b49b2c83cf45 Pull complete
2025-10-28T06:22:15.062Z INFO  - a7350ec49683 Extracting 256KB / 3MB
2025-10-28T06:22:15.224Z INFO  - a7350ec49683 Extracting 1MB / 3MB
2025-10-28T06:22:15.316Z INFO  - a7350ec49683 Extracting 1MB / 3MB
2025-10-28T06:22:15.466Z INFO  - a7350ec49683 Extracting 2MB / 3MB
2025-10-28T06:22:15.683Z INFO  - a7350ec49683 Extracting 3MB / 3MB
2025-10-28T06:22:15.811Z INFO  - a7350ec49683 Extracting 3MB / 3MB
2025-10-28T06:22:15.924Z INFO  - a7350ec49683 Extracting 3MB / 3MB
2025-10-28T06:22:15.981Z INFO  - a7350ec49683 Pull complete
2025-10-28T06:22:16.003Z INFO  - ca64976d1f75 Extracting 387B / 387B
2025-10-28T06:22:16.043Z INFO  - ca64976d1f75 Extracting 387B / 387B
2025-10-28T06:22:16.075Z INFO  - ca64976d1f75 Pull complete
2025-10-28T06:22:16.084Z INFO  - 9c231cb2d468 Extracting 32KB / 1MB
2025-10-28T06:22:16.343Z INFO  - 9c231cb2d468 Extracting 1MB / 1MB
2025-10-28T06:22:16.444Z INFO  - 9c231cb2d468 Pull complete
2025-10-28T06:22:16.473Z INFO  - 6d5ed858bc79 Extracting 32KB / 39KB
2025-10-28T06:22:16.583Z INFO  - 6d5ed858bc79 Extracting 39KB / 39KB
2025-10-28T06:22:16.605Z INFO  - 6d5ed858bc79 Extracting 39KB / 39KB
2025-10-28T06:22:16.615Z INFO  - 6d5ed858bc79 Pull complete
2025-10-28T06:22:16.626Z INFO  - b147e1d819b6 Extracting 10KB / 10KB
2025-10-28T06:22:16.644Z INFO  - b147e1d819b6 Extracting 10KB / 10KB
2025-10-28T06:22:16.649Z INFO  - b147e1d819b6 Pull complete
2025-10-28T06:22:16.657Z INFO  - bddeee446dea Extracting 14KB / 14KB
2025-10-28T06:22:16.694Z INFO  - bddeee446dea Extracting 14KB / 14KB
2025-10-28T06:22:16.736Z INFO  - bddeee446dea Pull complete
2025-10-28T06:22:16.838Z INFO  - 3bba0ee51794 Extracting 281KB / 281KB
2025-10-28T06:22:16.857Z INFO  - 3bba0ee51794 Extracting 281KB / 281KB
2025-10-28T06:22:16.896Z INFO  - 3bba0ee51794 Pull complete
2025-10-28T06:22:16.929Z INFO  - 5b5c68b4e022 Extracting 10KB / 10KB
2025-10-28T06:22:16.997Z INFO  - 5b5c68b4e022 Extracting 10KB / 10KB
2025-10-28T06:22:17.821Z INFO  - 5b5c68b4e022 Pull complete
2025-10-28T06:22:17.821Z INFO  - 589fad460b75 Extracting 32KB / 1MB
2025-10-28T06:22:17.821Z INFO  - 589fad460b75 Extracting 1MB / 1MB
2025-10-28T06:22:17.821Z INFO  - 589fad460b75 Pull complete
2025-10-28T06:22:17.821Z INFO  - a4ac82e1650a Extracting 32KB / 1MB
2025-10-28T06:22:17.821Z INFO  - a4ac82e1650a Extracting 1MB / 1MB
2025-10-28T06:22:17.821Z INFO  - a4ac82e1650a Pull complete
2025-10-28T06:22:17.821Z INFO  - 6e652537f0de Extracting 3KB / 3KB
2025-10-28T06:22:17.821Z INFO  - 6e652537f0de Extracting 3KB / 3KB
2025-10-28T06:22:17.821Z INFO  - 6e652537f0de Pull complete
2025-10-28T06:22:17.821Z INFO  - 4f4fb700ef54 Extracting 32B / 32B
2025-10-28T06:22:17.821Z INFO  - 4f4fb700ef54 Extracting 32B / 32B
2025-10-28T06:22:17.821Z INFO  - 4f4fb700ef54 Pull complete
2025-10-28T06:22:17.893Z INFO  - 70b2d1c62102 Extracting 8MB / 45MB
2025-10-28T06:22:18.193Z INFO  - 70b2d1c62102 Extracting 16MB / 45MB
2025-10-28T06:22:18.427Z INFO  - 70b2d1c62102 Extracting 22MB / 45MB
2025-10-28T06:22:18.427Z INFO  - 70b2d1c62102 Extracting 22MB / 45MB
2025-10-28T06:22:18.933Z INFO  - 70b2d1c62102 Extracting 30MB / 45MB
2025-10-28T06:22:19.036Z INFO  - 70b2d1c62102 Extracting 31MB / 45MB
2025-10-28T06:22:19.137Z INFO  - 70b2d1c62102 Extracting 33MB / 45MB
2025-10-28T06:22:19.295Z INFO  - 70b2d1c62102 Extracting 35MB / 45MB
2025-10-28T06:22:19.474Z INFO  - 70b2d1c62102 Extracting 37MB / 45MB
2025-10-28T06:22:20.342Z INFO  - 70b2d1c62102 Extracting 45MB / 45MB
2025-10-28T06:22:20.342Z INFO  - 70b2d1c62102 Pull complete
2025-10-28T06:22:20.671Z INFO  - 81114daeece3 Extracting 1MB / 46MB
2025-10-28T06:22:20.931Z INFO  - 81114daeece3 Extracting 3MB / 46MB
2025-10-28T06:22:21.267Z INFO  - 81114daeece3 Extracting 4MB / 46MB
2025-10-28T06:22:21.376Z INFO  - 81114daeece3 Extracting 5MB / 46MB
2025-10-28T06:22:21.817Z INFO  - 81114daeece3 Extracting 7MB / 46MB
2025-10-28T06:22:21.925Z INFO  - 81114daeece3 Extracting 8MB / 46MB
2025-10-28T06:22:22.457Z INFO  - 81114daeece3 Extracting 10MB / 46MB
2025-10-28T06:22:22.496Z INFO  - 81114daeece3 Extracting 12MB / 46MB
2025-10-28T06:22:22.736Z INFO  - 81114daeece3 Extracting 13MB / 46MB
2025-10-28T06:22:23.109Z INFO  - 81114daeece3 Extracting 15MB / 46MB
2025-10-28T06:22:23.691Z INFO  - 81114daeece3 Extracting 16MB / 46MB
2025-10-28T06:22:24.202Z INFO  - 81114daeece3 Extracting 19MB / 46MB
2025-10-28T06:22:24.627Z INFO  - 81114daeece3 Extracting 21MB / 46MB
2025-10-28T06:22:25.688Z INFO  - 81114daeece3 Extracting 26MB / 46MB
2025-10-28T06:22:25.925Z INFO  - 81114daeece3 Extracting 28MB / 46MB
2025-10-28T06:22:26.558Z INFO  - 81114daeece3 Extracting 29MB / 46MB
2025-10-28T06:22:26.917Z INFO  - 81114daeece3 Extracting 30MB / 46MB
2025-10-28T06:22:27.491Z INFO  - 81114daeece3 Extracting 32MB / 46MB
2025-10-28T06:22:28.096Z INFO  - 81114daeece3 Extracting 33MB / 46MB
2025-10-28T06:22:28.710Z INFO  - 81114daeece3 Extracting 34MB / 46MB
2025-10-28T06:22:29.304Z INFO  - 81114daeece3 Extracting 35MB / 46MB
2025-10-28T06:22:30.309Z INFO  - 81114daeece3 Extracting 36MB / 46MB
2025-10-28T06:22:31.040Z INFO  - 81114daeece3 Extracting 37MB / 46MB
2025-10-28T06:22:32.908Z INFO  - 81114daeece3 Extracting 38MB / 46MB
2025-10-28T06:22:33.727Z INFO  - 81114daeece3 Extracting 39MB / 46MB
2025-10-28T06:22:34.552Z INFO  - 81114daeece3 Extracting 40MB / 46MB
2025-10-28T06:22:36.814Z INFO  - 81114daeece3 Extracting 42MB / 46MB
2025-10-28T06:22:38.735Z INFO  - 81114daeece3 Extracting 44MB / 46MB
2025-10-28T06:22:40.720Z INFO  - 81114daeece3 Extracting 45MB / 46MB
2025-10-28T06:22:41.670Z INFO  - 81114daeece3 Extracting 45MB / 46MB
2025-10-28T06:22:42.998Z INFO  - 81114daeece3 Extracting 46MB / 46MB
2025-10-28T06:22:43.780Z INFO  - 81114daeece3 Pull complete
2025-10-28T06:22:44.686Z INFO  - 72560126db61 Extracting 3MB / 11MB
2025-10-28T06:22:44.716Z INFO  - 72560126db61 Extracting 4MB / 11MB
2025-10-28T06:22:45.381Z INFO  - 72560126db61 Extracting 7MB / 11MB
2025-10-28T06:22:46.021Z INFO  - 72560126db61 Extracting 9MB / 11MB
2025-10-28T06:22:46.573Z INFO  - 72560126db61 Extracting 10MB / 11MB
2025-10-28T06:22:46.894Z INFO  - 72560126db61 Extracting 10MB / 11MB
2025-10-28T06:22:47.402Z INFO  - 72560126db61 Extracting 10MB / 11MB
2025-10-28T06:22:47.505Z INFO  - 72560126db61 Extracting 11MB / 11MB
2025-10-28T06:22:47.639Z INFO  - 72560126db61 Pull complete
2025-10-28T06:22:48.148Z INFO  - b4ee02498c51 Extracting 1MB / 16MB
2025-10-28T06:22:48.374Z INFO  - b4ee02498c51 Extracting 3MB / 16MB
2025-10-28T06:22:48.475Z INFO  - b4ee02498c51 Extracting 4MB / 16MB
2025-10-28T06:22:48.578Z INFO  - b4ee02498c51 Extracting 5MB / 16MB
2025-10-28T06:22:48.969Z INFO  - b4ee02498c51 Extracting 7MB / 16MB
2025-10-28T06:22:49.763Z INFO  - b4ee02498c51 Extracting 8MB / 16MB
2025-10-28T06:22:50.467Z INFO  - b4ee02498c51 Extracting 9MB / 16MB
2025-10-28T06:22:50.997Z INFO  - b4ee02498c51 Extracting 10MB / 16MB
2025-10-28T06:22:51.652Z INFO  - b4ee02498c51 Extracting 11MB / 16MB
2025-10-28T06:22:51.972Z INFO  - b4ee02498c51 Extracting 11MB / 16MB
2025-10-28T06:22:53.020Z INFO  - b4ee02498c51 Extracting 13MB / 16MB
2025-10-28T06:22:53.721Z INFO  - b4ee02498c51 Extracting 14MB / 16MB
2025-10-28T06:22:53.891Z INFO  - b4ee02498c51 Extracting 14MB / 16MB
2025-10-28T06:22:54.548Z INFO  - b4ee02498c51 Extracting 15MB / 16MB
2025-10-28T06:22:55.472Z INFO  - b4ee02498c51 Extracting 15MB / 16MB
2025-10-28T06:22:55.680Z INFO  - b4ee02498c51 Extracting 16MB / 16MB
2025-10-28T06:22:56.109Z INFO  - b4ee02498c51 Pull complete
2025-10-28T06:22:56.132Z INFO  - 9f7642f5d897 Extracting 126B / 126B
2025-10-28T06:22:56.149Z INFO  - 9f7642f5d897 Extracting 126B / 126B
2025-10-28T06:22:56.159Z INFO  - 9f7642f5d897 Pull complete
2025-10-28T06:22:56.289Z INFO  - 064a93d404d8 Extracting 960KB / 5MB
2025-10-28T06:22:56.698Z INFO  - 064a93d404d8 Extracting 4MB / 5MB
2025-10-28T06:22:56.706Z INFO  - 064a93d404d8 Extracting 5MB / 5MB
2025-10-28T06:22:56.717Z INFO  - 064a93d404d8 Pull complete
2025-10-28T06:22:56.728Z INFO  - 9078bcfaabdd Extracting 948B / 948B
2025-10-28T06:22:56.735Z INFO  - 9078bcfaabdd Extracting 948B / 948B
2025-10-28T06:22:56.749Z INFO  - 9078bcfaabdd Pull complete
2025-10-28T06:22:56.757Z INFO  - 8367cb93fd79 Extracting 1KB / 1KB
2025-10-28T06:22:56.766Z INFO  - 8367cb93fd79 Extracting 1KB / 1KB
2025-10-28T06:22:56.778Z INFO  - 8367cb93fd79 Pull complete
2025-10-28T06:22:56.786Z INFO  - 432802c32c40 Extracting 139B / 139B
2025-10-28T06:22:56.797Z INFO  - 432802c32c40 Extracting 139B / 139B
2025-10-28T06:22:56.817Z INFO  - 432802c32c40 Pull complete
2025-10-28T06:22:57.065Z INFO  - b5ee41dce4d1 Extracting 544KB / 67MB
2025-10-28T06:22:57.709Z INFO  - b5ee41dce4d1 Extracting 5MB / 67MB
2025-10-28T06:22:57.813Z INFO  - b5ee41dce4d1 Extracting 6MB / 67MB
2025-10-28T06:22:58.154Z INFO  - b5ee41dce4d1 Extracting 8MB / 67MB
2025-10-28T06:22:58.553Z INFO  - b5ee41dce4d1 Extracting 10MB / 67MB
2025-10-28T06:22:58.677Z INFO  - b5ee41dce4d1 Extracting 11MB / 67MB
2025-10-28T06:22:58.907Z INFO  - b5ee41dce4d1 Extracting 12MB / 67MB
2025-10-28T06:22:59.270Z INFO  - b5ee41dce4d1 Extracting 12MB / 67MB
2025-10-28T06:22:59.639Z INFO  - b5ee41dce4d1 Extracting 14MB / 67MB
2025-10-28T06:22:59.760Z INFO  - b5ee41dce4d1 Extracting 15MB / 67MB
2025-10-28T06:23:00.048Z INFO  - b5ee41dce4d1 Extracting 16MB / 67MB
2025-10-28T06:23:00.286Z INFO  - b5ee41dce4d1 Extracting 18MB / 67MB
2025-10-28T06:23:00.408Z INFO  - b5ee41dce4d1 Extracting 19MB / 67MB
2025-10-28T06:23:00.536Z INFO  - b5ee41dce4d1 Extracting 20MB / 67MB
2025-10-28T06:23:00.656Z INFO  - b5ee41dce4d1 Extracting 21MB / 67MB
2025-10-28T06:23:00.986Z INFO  - b5ee41dce4d1 Extracting 24MB / 67MB
2025-10-28T06:23:01.269Z INFO  - b5ee41dce4d1 Extracting 27MB / 67MB
2025-10-28T06:23:01.498Z INFO  - b5ee41dce4d1 Extracting 28MB / 67MB
2025-10-28T06:23:02.468Z INFO  - b5ee41dce4d1 Extracting 30MB / 67MB
2025-10-28T06:23:03.540Z INFO  - b5ee41dce4d1 Extracting 36MB / 67MB
2025-10-28T06:23:03.628Z INFO  - b5ee41dce4d1 Extracting 38MB / 67MB
2025-10-28T06:23:04.315Z INFO  - b5ee41dce4d1 Extracting 40MB / 67MB
2025-10-28T06:23:04.684Z INFO  - b5ee41dce4d1 Extracting 41MB / 67MB
2025-10-28T06:23:05.514Z INFO  - b5ee41dce4d1 Extracting 43MB / 67MB
2025-10-28T06:23:05.880Z INFO  - b5ee41dce4d1 Extracting 45MB / 67MB
2025-10-28T06:23:06.418Z INFO  - b5ee41dce4d1 Extracting 47MB / 67MB
2025-10-28T06:23:06.621Z INFO  - b5ee41dce4d1 Extracting 48MB / 67MB
2025-10-28T06:23:06.856Z INFO  - b5ee41dce4d1 Extracting 50MB / 67MB
2025-10-28T06:23:07.834Z INFO  - b5ee41dce4d1 Extracting 53MB / 67MB
2025-10-28T06:23:08.862Z INFO  - b5ee41dce4d1 Extracting 62MB / 67MB
2025-10-28T06:23:09.106Z INFO  - b5ee41dce4d1 Extracting 65MB / 67MB
2025-10-28T06:23:09.317Z INFO  - b5ee41dce4d1 Extracting 67MB / 67MB
2025-10-28T06:23:09.493Z INFO  - b5ee41dce4d1 Pull complete
2025-10-28T06:23:09.496Z INFO  - 299358e274fc Extracting 1KB / 1KB
2025-10-28T06:23:09.505Z INFO  - 299358e274fc Extracting 1KB / 1KB
2025-10-28T06:23:09.517Z INFO  - 299358e274fc Pull complete
2025-10-28T06:23:09.524Z INFO  - a0f687a8a43e Extracting 1KB / 1KB
2025-10-28T06:23:09.535Z INFO  - a0f687a8a43e Extracting 1KB / 1KB
2025-10-28T06:23:09.547Z INFO  - a0f687a8a43e Pull complete
2025-10-28T06:23:09.554Z INFO  - f6668cf6fc4f Extracting 3KB / 3KB
2025-10-28T06:23:09.573Z INFO  - f6668cf6fc4f Extracting 3KB / 3KB
2025-10-28T06:23:09.584Z INFO  - f6668cf6fc4f Pull complete
2025-10-28T06:23:09.592Z INFO  - cab9518eb753 Extracting 151B / 151B
2025-10-28T06:23:09.602Z INFO  - cab9518eb753 Extracting 151B / 151B
2025-10-28T06:23:09.615Z INFO  - cab9518eb753 Pull complete
2025-10-28T06:23:09.620Z INFO  - f9717d513d08 Extracting 13KB / 13KB
2025-10-28T06:23:09.659Z INFO  - f9717d513d08 Extracting 13KB / 13KB
2025-10-28T06:23:09.671Z INFO  - f9717d513d08 Pull complete
2025-10-28T06:23:09.691Z INFO  - 81d0cf6a6204 Extracting 1KB / 1KB
2025-10-28T06:23:09.698Z INFO  - 81d0cf6a6204 Extracting 1KB / 1KB
2025-10-28T06:23:09.710Z INFO  - 81d0cf6a6204 Pull complete
2025-10-28T06:23:09.736Z INFO  - e705a3b12771 Extracting 269B / 269B
2025-10-28T06:23:09.745Z INFO  - e705a3b12771 Extracting 269B / 269B
2025-10-28T06:23:09.758Z INFO  - e705a3b12771 Pull complete
2025-10-28T06:23:09.766Z INFO  - cdcdb6bbda74 Extracting 269B / 269B
2025-10-28T06:23:09.777Z INFO  - cdcdb6bbda74 Extracting 269B / 269B
2025-10-28T06:23:09.805Z INFO  - cdcdb6bbda74 Pull complete
2025-10-28T06:23:09.942Z INFO  - 3c56665f14df Extracting 124B / 124B
2025-10-28T06:23:09.954Z INFO  - 3c56665f14df Extracting 124B / 124B
2025-10-28T06:23:09.964Z INFO  - 3c56665f14df Pull complete
2025-10-28T06:23:09.967Z INFO  - 6076b5261919 Extracting 416B / 416B
2025-10-28T06:23:09.981Z INFO  - 6076b5261919 Extracting 416B / 416B
2025-10-28T06:23:09.991Z INFO  - 6076b5261919 Pull complete
2025-10-28T06:23:09.996Z INFO  - cfb2442eec7a Extracting 1KB / 1KB
2025-10-28T06:23:10.011Z INFO  - cfb2442eec7a Extracting 1KB / 1KB
2025-10-28T06:23:10.022Z INFO  - cfb2442eec7a Pull complete
2025-10-28T06:23:10.179Z INFO  - c7bf2b05e76c Extracting 160KB / 1MB
2025-10-28T06:23:11.022Z INFO  - c7bf2b05e76c Extracting 1MB / 1MB
2025-10-28T06:23:11.077Z INFO  - c7bf2b05e76c Pull complete
2025-10-28T06:23:11.084Z INFO  - 9e40ee8f5c7c Extracting 133B / 133B
2025-10-28T06:23:11.096Z INFO  - 9e40ee8f5c7c Extracting 133B / 133B
2025-10-28T06:23:11.108Z INFO  - 9e40ee8f5c7c Pull complete
2025-10-28T06:23:11.192Z INFO  -  Digest: sha256:090c03b4259823f8be151de295b9ef30aeea81cc540a9908f9a57cbe5e893095
2025-10-28T06:23:11.199Z INFO  -  Status: Downloaded newer image for mcr.microsoft.com/appsvc/node:20-lts_20250724.2.tuxprod
2025-10-28T06:23:11.287Z INFO  - Pull Image successful, Time taken: 88 Seconds
2025-10-28T06:23:14.183Z INFO  - Starting container for site
2025-10-28T06:23:14.189Z INFO  - docker run -d --expose=8080 --name bigin-webhook-server_0_8abf981b -e WEBSITE_USE_DIAGNOSTIC_SERVER=true -e PORT=8080 -e WEBSITE_SITE_NAME=bigin-webhook-server -e WEBSITE_AUTH_ENABLED=False -e WEBSITE_ROLE_INSTANCE_ID=0 -e WEBSITE_HOSTNAME=bigin-webhook-server.azurewebsites.net -e WEBSITE_INSTANCE_ID=aff90167300dcf4cccd1c93070f18f8e1c2669f1b9547c91bc69b7829613a508 appsvc/node:20-lts_20250724.2.tuxprod REDACTED
2025-10-28T06:23:14.189Z INFO  - Logging is not enabled for this container.
Please use https://aka.ms/linux-diagnostics to enable logging to see container logs here.
2025-10-28T06:23:24.290Z INFO  - Initiating warmup request to container bigin-webhook-server_0_8abf981b for site bigin-webhook-server
2025-10-28T06:23:45.277Z INFO  - Waiting for response to warmup request for container bigin-webhook-server_0_8abf981b. Elapsed time = 21.0560572 sec
2025-10-28T06:24:09.575Z INFO  - Waiting for response to warmup request for container bigin-webhook-server_0_8abf981b. Elapsed time = 45.3538699 sec
2025-10-28T06:24:24.755Z ERROR - Container bigin-webhook-server_0_8abf981b for site bigin-webhook-server has exited, failing site start
2025-10-28T06:24:24.856Z ERROR - Container bigin-webhook-server_0_8abf981b didn't respond to HTTP pings on port: 8080. Failing site start. See container logs for debugging.
2025-10-28T06:24:25.519Z INFO  - Stopping site bigin-webhook-server because it failed during startup.
2025-10-28T06:24:47.067Z INFO  - Starting container for site
2025-10-28T06:24:47.068Z INFO  - docker run -d --expose=8080 --name bigin-webhook-server_0_1a2521a0 -e WEBSITE_USE_DIAGNOSTIC_SERVER=true -e PORT=8080 -e WEBSITE_SITE_NAME=bigin-webhook-server -e WEBSITE_AUTH_ENABLED=False -e WEBSITE_ROLE_INSTANCE_ID=0 -e WEBSITE_HOSTNAME=bigin-webhook-server.azurewebsites.net -e WEBSITE_INSTANCE_ID=aff90167300dcf4cccd1c93070f18f8e1c2669f1b9547c91bc69b7829613a508 appsvc/node:20-lts_20250724.2.tuxprod REDACTED
2025-10-28T06:24:47.068Z INFO  - Logging is not enabled for this container.
Please use https://aka.ms/linux-diagnostics to enable logging to see container logs here.
2025-10-28T06:24:55.500Z INFO  - Initiating warmup request to container bigin-webhook-server_0_1a2521a0 for site bigin-webhook-server
2025-10-28T06:25:15.628Z INFO  - Waiting for response to warmup request for container bigin-webhook-server_0_1a2521a0. Elapsed time = 20.1285912 sec
2025-10-28T06:26:10.632Z ERROR - Container bigin-webhook-server_0_1a2521a0 for site bigin-webhook-server has exited, failing site start
2025-10-28T06:26:11.042Z ERROR - Container bigin-webhook-server_0_1a2521a0 didn't respond to HTTP pings on port: 8080. Failing site start. See container logs for debugging.
2025-10-28T06:26:11.413Z INFO  - Stopping site bigin-webhook-server because it failed during startup.
2025-10-28T06:26:26.628Z INFO  - Starting container for site
2025-10-28T06:26:26.628Z INFO  - docker run -d --expose=8080 --name bigin-webhook-server_0_1c63ec80 -e WEBSITE_USE_DIAGNOSTIC_SERVER=true -e PORT=8080 -e WEBSITE_SITE_NAME=bigin-webhook-server -e WEBSITE_AUTH_ENABLED=False -e WEBSITE_ROLE_INSTANCE_ID=0 -e WEBSITE_HOSTNAME=bigin-webhook-server.azurewebsites.net -e WEBSITE_INSTANCE_ID=aff90167300dcf4cccd1c93070f18f8e1c2669f1b9547c91bc69b7829613a508 appsvc/node:20-lts_20250724.2.tuxprod REDACTED
2025-10-28T06:26:26.629Z INFO  - Logging is not enabled for this container.
Please use https://aka.ms/linux-diagnostics to enable logging to see container logs here.
2025-10-28T06:26:42.452Z INFO  - Initiating warmup request to container bigin-webhook-server_0_1c63ec80 for site bigin-webhook-server
2025-10-28T06:27:07.163Z INFO  - Waiting for response to warmup request for container bigin-webhook-server_0_1c63ec80. Elapsed time = 24.7103581 sec
2025-10-28T06:27:09.420Z ERROR - Container bigin-webhook-server_0_1c63ec80 for site bigin-webhook-server has exited, failing site start
2025-10-28T06:27:09.580Z ERROR - Container bigin-webhook-server_0_1c63ec80 didn't respond to HTTP pings on port: 8080. Failing site start. See container logs for debugging.
2025-10-28T06:27:09.659Z INFO  - Stopping site bigin-webhook-server because it failed during startup.
2025-10-28T06:27:36.2760898Z Container start method called.
2025-10-28T06:27:36.3640902Z Establishing network.
2025-10-28T06:27:36.4049425Z Pulling image: appsvc/node:20-lts_20250724.2.tuxprod.
2025-10-28T06:29:49.2665603Z Image appsvc/node:20-lts_20250724.2.tuxprod is pulled from registry mcr.microsoft.com
2025-10-28T06:29:49.3082951Z Container is starting.
2025-10-28T06:29:49.3181239Z Establishing user namespace if not established already.
2025-10-28T06:29:49.3393783Z Establishing network if not established already.
2025-10-28T06:29:49.3661920Z Mounting volumes.
2025-10-28T06:29:49.4613085Z Nested mountpoint 
2025-10-28T06:29:49.5620550Z Nested mountpoint volatile/logs
2025-10-28T06:29:49.7311151Z Nested mountpoint 
2025-10-28T06:29:49.8503355Z Nested mountpoint 
2025-10-28T06:29:49.9311065Z Nested mountpoint 
2025-10-28T06:29:51.2200744Z Creating container.
2025-10-28T06:29:51.2215337Z Creating pipes for streaming container io.
2025-10-28T06:29:51.2309627Z Creating stdout named pipe at /podr/container/pipe/6d666bb9b571_bigin-webhook-server/stdout_3bc16efaa9144a04a1f445885ef1e282.
2025-10-28T06:29:51.2591735Z Successfully created stdout named pipe at: /podr/container/pipe/6d666bb9b571_bigin-webhook-server/stdout_3bc16efaa9144a04a1f445885ef1e282.
2025-10-28T06:29:51.2701681Z Opening named pipe /podr/container/pipe/6d666bb9b571_bigin-webhook-server/stdout_3bc16efaa9144a04a1f445885ef1e282 for reading in non-blocking mode.
2025-10-28T06:29:51.2923083Z Successfully opened named pipe: /podr/container/pipe/6d666bb9b571_bigin-webhook-server/stdout_3bc16efaa9144a04a1f445885ef1e282.
2025-10-28T06:29:51.3128368Z Successfully removed non-blocking flag from /podr/container/pipe/6d666bb9b571_bigin-webhook-server/stdout_3bc16efaa9144a04a1f445885ef1e282.
2025-10-28T06:29:51.3132795Z Creating stderr named pipe at /podr/container/pipe/6d666bb9b571_bigin-webhook-server/stderr_c07ccf7647cf460fa8f5cfd416127503.
2025-10-28T06:29:51.4005833Z Successfully created stderr named pipe at: /podr/container/pipe/6d666bb9b571_bigin-webhook-server/stderr_c07ccf7647cf460fa8f5cfd416127503.
2025-10-28T06:29:51.4013093Z Opening named pipe /podr/container/pipe/6d666bb9b571_bigin-webhook-server/stderr_c07ccf7647cf460fa8f5cfd416127503 for reading in non-blocking mode.
2025-10-28T06:29:51.4014382Z Successfully opened named pipe: /podr/container/pipe/6d666bb9b571_bigin-webhook-server/stderr_c07ccf7647cf460fa8f5cfd416127503.
2025-10-28T06:29:51.4016376Z Successfully removed non-blocking flag from /podr/container/pipe/6d666bb9b571_bigin-webhook-server/stderr_c07ccf7647cf460fa8f5cfd416127503.
2025-10-28T06:29:51.4111643Z Creating container with image: appsvc/node:20-lts_20250724.2.tuxprod from registry: mcr.microsoft.com and fully qualified image name: mcr.microsoft.com/appsvc/node:20-lts_20250724.2.tuxprod
2025-10-28T06:29:54.0292030Z Starting container: 6d666bb9b571_bigin-webhook-server.
2025-10-28T06:29:54.1272644Z Starting watchers and probes.
2025-10-28T06:29:54.1398197Z Starting metrics collection.
2025-10-28T06:29:54.1482621Z Container is running.
2025-10-28T06:29:55.1932739Z Container start method finished after 138859 ms.
2025-10-28T06:30:30.6291838Z Container has finished running with exit code: 1.
2025-10-28T06:30:30.6462085Z Container is terminating. Grace period: 5 seconds.
2025-10-28T06:30:30.6784326Z Stop and delete container. Retry count = 0
2025-10-28T06:30:30.6958887Z Stopping container: 6d666bb9b571_bigin-webhook-server.
2025-10-28T06:30:30.7769208Z Deleting container: 6d666bb9b571_bigin-webhook-server. Retry count = 0
2025-10-28T06:30:31.3683635Z Container spec TerminationMessagePolicy  path 
2025-10-28T06:30:31.3759896Z Container is terminated. Total time elapsed: 710 ms.
2025-10-28T06:30:31.3765599Z Site container: bigin-webhook-server terminated during site startup.
2025-10-28T06:30:31.3783640Z Site startup probe failed after 36.1551951 seconds.
2025-10-28T06:30:31.4688869Z Failed to start site. Revert by stopping site.
2025-10-28T06:30:31.4830970Z Site: bigin-webhook-server stopped.
2025-10-28T06:30:36.336Z INFO  - Starting container for site
2025-10-28T06:30:36.354Z INFO  - docker run -d --expose=8080 --name bigin-webhook-server_0_7ffaae6c -e WEBSITE_USE_DIAGNOSTIC_SERVER=true -e PORT=8080 -e WEBSITE_SITE_NAME=bigin-webhook-server -e WEBSITE_AUTH_ENABLED=False -e WEBSITE_ROLE_INSTANCE_ID=0 -e WEBSITE_HOSTNAME=bigin-webhook-server.azurewebsites.net -e WEBSITE_INSTANCE_ID=aff90167300dcf4cccd1c93070f18f8e1c2669f1b9547c91bc69b7829613a508 appsvc/node:20-lts_20250724.2.tuxprod REDACTED
2025-10-28T06:30:36.355Z INFO  - Logging is not enabled for this container.
Please use https://aka.ms/linux-diagnostics to enable logging to see container logs here.
2025-10-28T06:30:45.799Z INFO  - Initiating warmup request to container bigin-webhook-server_0_7ffaae6c for site bigin-webhook-server
2025-10-28T06:31:07.742Z INFO  - Waiting for response to warmup request for container bigin-webhook-server_0_7ffaae6c. Elapsed time = 21.9427486 sec
2025-10-28T06:31:14.429Z ERROR - Container bigin-webhook-server_0_7ffaae6c for site bigin-webhook-server has exited, failing site start
2025-10-28T06:31:14.542Z ERROR - Container bigin-webhook-server_0_7ffaae6c didn't respond to HTTP pings on port: 8080. Failing site start. See container logs for debugging.
2025-10-28T06:31:14.823Z INFO  - Stopping site bigin-webhook-server because it failed during startup.
2025-10-28T06:43:27.671Z INFO  - Starting container for site
2025-10-28T06:43:27.676Z INFO  - docker run -d --expose=8080 --name bigin-webhook-server_0_d30e4999 -e WEBSITE_USE_DIAGNOSTIC_SERVER=true -e PORT=8080 -e WEBSITE_SITE_NAME=bigin-webhook-server -e WEBSITE_AUTH_ENABLED=False -e WEBSITE_ROLE_INSTANCE_ID=0 -e WEBSITE_HOSTNAME=bigin-webhook-server.azurewebsites.net -e WEBSITE_INSTANCE_ID=aff90167300dcf4cccd1c93070f18f8e1c2669f1b9547c91bc69b7829613a508 appsvc/node:20-lts_20250724.2.tuxprod REDACTED
2025-10-28T06:43:27.677Z INFO  - Logging is not enabled for this container.
Please use https://aka.ms/linux-diagnostics to enable logging to see container logs here.
2025-10-28T06:43:30.875Z INFO  - Initiating warmup request to container bigin-webhook-server_0_d30e4999 for site bigin-webhook-server
2025-10-28T06:43:48.049Z INFO  - Waiting for response to warmup request for container bigin-webhook-server_0_d30e4999. Elapsed time = 17.2026993 sec
2025-10-28T06:43:56.291Z ERROR - Container bigin-webhook-server_0_d30e4999 for site bigin-webhook-server has exited, failing site start
2025-10-28T06:43:56.359Z ERROR - Container bigin-webhook-server_0_d30e4999 didn't respond to HTTP pings on port: 8080. Failing site start. See container logs for debugging.
2025-10-28T06:43:56.399Z INFO  - Stopping site bigin-webhook-server because it failed during startup.
2025-10-28T06:53:43.319Z INFO  - Starting container for site
2025-10-28T06:53:43.328Z INFO  - docker run -d --expose=8080 --name bigin-webhook-server_0_d9a54612 -e WEBSITE_USE_DIAGNOSTIC_SERVER=true -e PORT=8080 -e WEBSITE_SITE_NAME=bigin-webhook-server -e WEBSITE_AUTH_ENABLED=False -e WEBSITE_ROLE_INSTANCE_ID=0 -e WEBSITE_HOSTNAME=bigin-webhook-server.azurewebsites.net -e WEBSITE_INSTANCE_ID=aff90167300dcf4cccd1c93070f18f8e1c2669f1b9547c91bc69b7829613a508 appsvc/node:20-lts_20250724.2.tuxprod REDACTED
2025-10-28T06:53:43.329Z INFO  - Logging is not enabled for this container.
Please use https://aka.ms/linux-diagnostics to enable logging to see container logs here.
2025-10-28T06:53:51.061Z INFO  - Initiating warmup request to container bigin-webhook-server_0_d9a54612 for site bigin-webhook-server
2025-10-28T06:54:11.362Z INFO  - Waiting for response to warmup request for container bigin-webhook-server_0_d9a54612. Elapsed time = 20.301552 sec
2025-10-28T06:54:15.579Z ERROR - Container bigin-webhook-server_0_d9a54612 for site bigin-webhook-server is not running, failing site start
2025-10-28T06:54:15.603Z ERROR - Container bigin-webhook-server_0_d9a54612 didn't respond to HTTP pings on port: 8080. Failing site start. See container logs for debugging.
2025-10-28T06:54:15.670Z INFO  - Stopping site bigin-webhook-server because it failed during startup.
2025-10-28T06:57:29.824Z INFO  - Starting container for site
2025-10-28T06:57:29.832Z INFO  - docker run -d --expose=8080 --name bigin-webhook-server_0_dc701282 -e WEBSITE_USE_DIAGNOSTIC_SERVER=true -e PORT=8080 -e WEBSITE_SITE_NAME=bigin-webhook-server -e WEBSITE_AUTH_ENABLED=False -e WEBSITE_ROLE_INSTANCE_ID=0 -e WEBSITE_HOSTNAME=bigin-webhook-server.azurewebsites.net -e WEBSITE_INSTANCE_ID=aff90167300dcf4cccd1c93070f18f8e1c2669f1b9547c91bc69b7829613a508 appsvc/node:20-lts_20250724.2.tuxprod REDACTED
2025-10-28T06:57:29.833Z INFO  - Logging is not enabled for this container.
Please use https://aka.ms/linux-diagnostics to enable logging to see container logs here.
2025-10-28T06:57:32.678Z INFO  - Initiating warmup request to container bigin-webhook-server_0_dc701282 for site bigin-webhook-server
2025-10-28T06:57:52.897Z ERROR - Container bigin-webhook-server_0_dc701282 for site bigin-webhook-server has exited, failing site start
2025-10-28T06:57:52.909Z ERROR - Container bigin-webhook-server_0_dc701282 didn't respond to HTTP pings on port: 8080. Failing site start. See container logs for debugging.
2025-10-28T06:57:52.918Z INFO  - Stopping site bigin-webhook-server because it failed during startup.
2025-10-28T07:00:58.618Z INFO  - Starting container for site
2025-10-28T07:00:58.619Z INFO  - docker run -d --expose=8080 --name bigin-webhook-server_0_7a60f5e0 -e WEBSITE_USE_DIAGNOSTIC_SERVER=true -e PORT=8080 -e WEBSITE_SITE_NAME=bigin-webhook-server -e WEBSITE_AUTH_ENABLED=False -e WEBSITE_ROLE_INSTANCE_ID=0 -e WEBSITE_HOSTNAME=bigin-webhook-server.azurewebsites.net -e WEBSITE_INSTANCE_ID=aff90167300dcf4cccd1c93070f18f8e1c2669f1b9547c91bc69b7829613a508 appsvc/node:20-lts_20250724.2.tuxprod REDACTED
2025-10-28T07:00:58.619Z INFO  - Logging is not enabled for this container.
Please use https://aka.ms/linux-diagnostics to enable logging to see container logs here.
2025-10-28T07:01:01.512Z INFO  - Initiating warmup request to container bigin-webhook-server_0_7a60f5e0 for site bigin-webhook-server
2025-10-28T07:01:31.603Z ERROR - Container bigin-webhook-server_0_7a60f5e0 for site bigin-webhook-server has exited, failing site start
2025-10-28T07:01:31.618Z ERROR - Container bigin-webhook-server_0_7a60f5e0 didn't respond to HTTP pings on port: 8080. Failing site start. See container logs for debugging.
2025-10-28T07:01:31.648Z INFO  - Stopping site bigin-webhook-server because it failed during startup.
2025-10-28T07:13:13.292Z INFO  - Starting container for site
2025-10-28T07:13:13.296Z INFO  - docker run -d --expose=8080 --name bigin-webhook-server_0_e6cad888 -e WEBSITE_USE_DIAGNOSTIC_SERVER=true -e PORT=8080 -e WEBSITE_SITE_NAME=bigin-webhook-server -e WEBSITE_AUTH_ENABLED=False -e WEBSITE_ROLE_INSTANCE_ID=0 -e WEBSITE_HOSTNAME=bigin-webhook-server.azurewebsites.net -e WEBSITE_INSTANCE_ID=aff90167300dcf4cccd1c93070f18f8e1c2669f1b9547c91bc69b7829613a508 appsvc/node:20-lts_20250724.2.tuxprod REDACTED
2025-10-28T07:13:13.296Z INFO  - Logging is not enabled for this container.
Please use https://aka.ms/linux-diagnostics to enable logging to see container logs here.
2025-10-28T07:13:18.529Z INFO  - Initiating warmup request to container bigin-webhook-server_0_e6cad888 for site bigin-webhook-server
2025-10-28T07:13:43.561Z ERROR - Container bigin-webhook-server_0_e6cad888 for site bigin-webhook-server has exited, failing site start
2025-10-28T07:13:43.601Z ERROR - Container bigin-webhook-server_0_e6cad888 didn't respond to HTTP pings on port: 8080. Failing site start. See container logs for debugging.
2025-10-28T07:13:43.659Z INFO  - Stopping site bigin-webhook-server because it failed during startup.
2025-10-28T07:17:27.819Z INFO  - Starting container for site
2025-10-28T07:17:27.826Z INFO  - docker run -d --expose=8080 --name bigin-webhook-server_0_da26b4c4 -e WEBSITE_USE_DIAGNOSTIC_SERVER=true -e PORT=8080 -e WEBSITE_SITE_NAME=bigin-webhook-server -e WEBSITE_AUTH_ENABLED=False -e WEBSITE_ROLE_INSTANCE_ID=0 -e WEBSITE_HOSTNAME=bigin-webhook-server.azurewebsites.net -e WEBSITE_INSTANCE_ID=aff90167300dcf4cccd1c93070f18f8e1c2669f1b9547c91bc69b7829613a508 appsvc/node:20-lts_20250724.2.tuxprod REDACTED
2025-10-28T07:17:27.828Z INFO  - Logging is not enabled for this container.
Please use https://aka.ms/linux-diagnostics to enable logging to see container logs here.
2025-10-28T07:17:32.740Z INFO  - Initiating warmup request to container bigin-webhook-server_0_da26b4c4 for site bigin-webhook-server
2025-10-28T07:17:58.497Z INFO  - Container bigin-webhook-server_0_da26b4c4 for site bigin-webhook-server initialized successfully and is ready to serve requests.
2025-10-28T07:18:19.6368225Z Container start method called.
2025-10-28T07:18:19.6572420Z Establishing network.
2025-10-28T07:18:19.6779884Z Pulling image: appsvc/node:20-lts_20250724.2.tuxprod.
2025-10-28T07:18:22.898Z INFO  - Starting container for site
2025-10-28T07:18:22.907Z INFO  - docker run -d --expose=8080 --name bigin-webhook-server_1_48698314 -e WEBSITE_USE_DIAGNOSTIC_SERVER=true -e PORT=8080 -e WEBSITE_SITE_NAME=bigin-webhook-server -e WEBSITE_AUTH_ENABLED=False -e WEBSITE_ROLE_INSTANCE_ID=0 -e WEBSITE_HOSTNAME=bigin-webhook-server.azurewebsites.net -e WEBSITE_INSTANCE_ID=aff90167300dcf4cccd1c93070f18f8e1c2669f1b9547c91bc69b7829613a508 appsvc/node:20-lts_20250724.2.tuxprod REDACTED
2025-10-28T07:18:22.908Z INFO  - Logging is not enabled for this container.
Please use https://aka.ms/linux-diagnostics to enable logging to see container logs here.
2025-10-28T07:18:34.711Z INFO  - Initiating warmup request to container bigin-webhook-server_1_48698314 for site bigin-webhook-server
2025-10-28T07:18:52.257Z INFO  - Waiting for response to warmup request for container bigin-webhook-server_1_48698314. Elapsed time = 17.5456204 sec
2025-10-28T07:19:09.996Z INFO  - Waiting for response to warmup request for container bigin-webhook-server_1_48698314. Elapsed time = 35.2849677 sec
2025-10-28T07:19:31.010Z INFO  - Waiting for response to warmup request for container bigin-webhook-server_1_48698314. Elapsed time = 56.2990247 sec
2025-10-28T07:19:51.426Z INFO  - Waiting for response to warmup request for container bigin-webhook-server_1_48698314. Elapsed time = 76.714485 sec
2025-10-28T07:20:09.240Z INFO  - Waiting for response to warmup request for container bigin-webhook-server_1_48698314. Elapsed time = 94.5287084 sec
2025-10-28T07:20:31.965Z INFO  - Waiting for response to warmup request for container bigin-webhook-server_1_48698314. Elapsed time = 117.2536597 sec
2025-10-28T07:20:33.928Z INFO  - Container bigin-webhook-server_1_48698314 for site bigin-webhook-server initialized successfully and is ready to serve requests.
 pipe: /podr/container/pipe/f7a594774a86_bigin-webhook-server/stdout_a12fe2f8017449cd92ad1d8dbffd805a.
2025-10-28T07:18:32.7373473Z Successfully removed non-blocking flag from /podr/container/pipe/f7a594774a86_bigin-webhook-server/stdout_a12fe2f8017449cd92ad1d8dbffd805a.
2025-10-28T07:18:32.7374802Z Creating stderr named pipe at /podr/container/pipe/f7a594774a86_bigin-webhook-server/stderr_ef95106fad8b460b92e9782bf18e9763.
2025-10-28T07:18:32.7376217Z Successfully created stderr named pipe at: /podr/container/pipe/f7a594774a86_bigin-webhook-server/stderr_ef95106fad8b460b92e9782bf18e9763.
2025-10-28T07:18:32.7450818Z Opening named pipe /podr/container/pipe/f7a594774a86_bigin-webhook-server/stderr_ef95106fad8b460b92e9782bf18e9763 for reading in non-blocking mode.
2025-10-28T07:18:32.7452181Z Successfully opened named pipe: /podr/container/pipe/f7a594774a86_bigin-webhook-server/stderr_ef95106fad8b460b92e9782bf18e9763.
2025-10-28T07:18:32.7453002Z Successfully removed non-blocking flag from /podr/container/pipe/f7a594774a86_bigin-webhook-server/stderr_ef95106fad8b460b92e9782bf18e9763.
2025-10-28T07:18:32.7549612Z Creating container with image: appsvc/node:20-lts_20250724.2.tuxprod from registry: mcr.microsoft.com and fully qualified image name: mcr.microsoft.com/appsvc/node:20-lts_20250724.2.tuxprod
2025-10-28T07:18:37.0617687Z Starting container: f7a594774a86_bigin-webhook-server.
2025-10-28T07:18:37.2957599Z Starting watchers and probes.
2025-10-28T07:18:37.3757159Z Starting metrics collection.
2025-10-28T07:18:37.3925535Z Container is running.
2025-10-28T07:18:37.7446269Z Container start method finished after 18105 ms.
2025-10-28T07:20:38.5524736Z Site startup probe succeeded after 120.7066865 seconds.
2025-10-28T07:20:39.1434896Z Site is running with deployment version: 8c1ea983ad00c0164a56ba2c6b10208e0998cf3e
2025-10-28T07:20:39.2470529Z Site started.
2025-10-28T07:20:39.5472710Z Site is running with patch version: 20.19.3
2025-10-28T07:20:46.107Z INFO  - Starting container for site
2025-10-28T07:20:46.114Z INFO  - docker run -d --expose=8080 --name bigin-webhook-server_2_e5c55204 -e WEBSITE_USE_DIAGNOSTIC_SERVER=true -e PORT=8080 -e WEBSITE_SITE_NAME=bigin-webhook-server -e WEBSITE_AUTH_ENABLED=False -e WEBSITE_ROLE_INSTANCE_ID=0 -e WEBSITE_HOSTNAME=bigin-webhook-server.azurewebsites.net -e WEBSITE_INSTANCE_ID=aff90167300dcf4cccd1c93070f18f8e1c2669f1b9547c91bc69b7829613a508 appsvc/node:20-lts_20250724.2.tuxprod REDACTED
2025-10-28T07:20:46.117Z INFO  - Logging is not enabled for this container.
Please use https://aka.ms/linux-diagnostics to enable logging to see container logs here.
2025-10-28T07:20:59.516Z INFO  - Initiating warmup request to container bigin-webhook-server_2_e5c55204 for site bigin-webhook-server
2025-10-28T07:21:23.409Z INFO  - Waiting for response to warmup request for container bigin-webhook-server_2_e5c55204. Elapsed time = 23.892444 sec
2025-10-28T07:21:44.052Z INFO  - Waiting for response to warmup request for container bigin-webhook-server_2_e5c55204. Elapsed time = 44.5358367 sec
2025-10-28T07:21:56.055Z INFO  - Container bigin-webhook-server_2_e5c55204 for site bigin-webhook-server initialized successfully and is ready to serve requests.
2025-10-28T07:29:03.8883596Z Site: bigin-webhook-server stopped.
2025-10-28T07:29:24.9016336Z Container is terminating. Grace period: 5 seconds.
2025-10-28T07:29:24.9239455Z Stop and delete container. Retry count = 0
2025-10-28T07:29:24.9251232Z Stopping container: f7a594774a86_bigin-webhook-server.
2025-10-28T07:29:30.0675548Z Deleting container: f7a594774a86_bigin-webhook-server. Retry count = 0
2025-10-28T07:29:30.5085478Z Container spec TerminationMessagePolicy  path 
2025-10-28T07:29:30.5172816Z Container is terminated. Total time elapsed: 5606 ms.
2025-10-28T07:29:30.5180552Z Site: bigin-webhook-server stopped.
2025-10-28T07:30:18.1462578Z Container start method called.
2025-10-28T07:30:18.1464086Z Establishing network.
2025-10-28T07:30:18.1465108Z Pulling image: appsvc/node:20-lts_20250724.2.tuxprod.
2025-10-28T07:30:22.0649312Z Container is starting.
2025-10-28T07:30:22.0749929Z Establishing user namespace if not established already.
2025-10-28T07:30:22.0752088Z Establishing network if not established already.
2025-10-28T07:30:22.0753255Z Mounting volumes.
2025-10-28T07:30:22.0962739Z Nested mountpoint 
2025-10-28T07:30:22.1967967Z Nested mountpoint volatile/logs
2025-10-28T07:30:22.3248329Z Nested mountpoint 
2025-10-28T07:30:22.4340141Z Nested mountpoint 
2025-10-28T07:30:22.5055806Z Nested mountpoint 
2025-10-28T07:30:23.4145845Z Creating container.
2025-10-28T07:30:23.4146944Z Creating pipes for streaming container io.
2025-10-28T07:30:23.4160856Z Creating stdout named pipe at /podr/container/pipe/4df8981a910e_bigin-webhook-server/stdout_538bde59367a404a9bc685ae8cdc6229.
2025-10-28T07:30:23.4338355Z Successfully created stdout named pipe at: /podr/container/pipe/4df8981a910e_bigin-webhook-server/stdout_538bde59367a404a9bc685ae8cdc6229.
2025-10-28T07:30:23.4342361Z Opening named pipe /podr/container/pipe/4df8981a910e_bigin-webhook-server/stdout_538bde59367a404a9bc685ae8cdc6229 for reading in non-blocking mode.
2025-10-28T07:30:23.4344687Z Successfully opened named pipe: /podr/container/pipe/4df8981a910e_bigin-webhook-server/stdout_538bde59367a404a9bc685ae8cdc6229.
2025-10-28T07:30:23.4436269Z Successfully removed non-blocking flag from /podr/container/pipe/4df8981a910e_bigin-webhook-server/stdout_538bde59367a404a9bc685ae8cdc6229.
2025-10-28T07:30:23.4452553Z Creating stderr named pipe at /podr/container/pipe/4df8981a910e_bigin-webhook-server/stderr_dce1b6dc9d5b4f05b89354bb38e35e6c.
2025-10-28T07:30:23.4459720Z Successfully created stderr named pipe at: /podr/container/pipe/4df8981a910e_bigin-webhook-server/stderr_dce1b6dc9d5b4f05b89354bb38e35e6c.
2025-10-28T07:30:23.4563921Z Opening named pipe /podr/container/pipe/4df8981a910e_bigin-webhook-server/stderr_dce1b6dc9d5b4f05b89354bb38e35e6c for reading in non-blocking mode.
2025-10-28T07:30:23.4731048Z Successfully opened named pipe: /podr/container/pipe/4df8981a910e_bigin-webhook-server/stderr_dce1b6dc9d5b4f05b89354bb38e35e6c.
2025-10-28T07:30:23.4761008Z Successfully removed non-blocking flag from /podr/container/pipe/4df8981a910e_bigin-webhook-server/stderr_dce1b6dc9d5b4f05b89354bb38e35e6c.
2025-10-28T07:30:23.4865288Z Creating container with image: appsvc/node:20-lts_20250724.2.tuxprod from registry: mcr.microsoft.com and fully qualified image name: mcr.microsoft.com/appsvc/node:20-lts_20250724.2.tuxprod
2025-10-28T07:30:24.4271162Z Starting container: 4df8981a910e_bigin-webhook-server.
2025-10-28T07:30:24.6477007Z Starting watchers and probes.
2025-10-28T07:30:24.6690822Z Starting metrics collection.
2025-10-28T07:30:24.6792355Z Container is running.
2025-10-28T07:30:25.1686276Z Container start method finished after 7022 ms.
2025-10-28T07:31:00.3129323Z Site startup probe succeeded after 35.0913468 seconds.
2025-10-28T07:31:00.4009976Z Site is running with deployment version: 8c1ea983ad00c0164a56ba2c6b10208e0998cf3e
2025-10-28T07:31:00.4020671Z Site started.
2025-10-28T07:31:00.4302175Z Site is running with patch version: 20.19.3
2025-10-28T07:43:29.1359945Z Container start method called.
2025-10-28T07:43:29.1459458Z Establishing network.
2025-10-28T07:43:29.1460617Z Pulling image: appsvc/node:20-lts_20250724.2.tuxprod.
2025-10-28T07:43:34.8487912Z Container pull image interrupted. Revert by terminate.
2025-10-28T07:43:34.8589844Z Container is terminating. Grace period: 5 seconds.
2025-10-28T07:43:34.8665142Z Container spec TerminationMessagePolicy  path 
2025-10-28T07:43:34.8765342Z Container is terminated. Total time elapsed: 10 ms.
2025-10-28T07:43:34.8852646Z Site container: bigin-webhook-server terminated during site startup.
2025-10-28T07:43:35.0459139Z Site container: bigin-webhook-server terminated. Stopping the entire site.
2025-10-28T07:43:35.0970012Z Site: bigin-webhook-server stopped.
2025-10-28T07:43:55.6427498Z Container is terminating. Grace period: 5 seconds.
2025-10-28T07:43:55.6657340Z Stop and delete container. Retry count = 0
2025-10-28T07:43:55.6720911Z Stopping container: 4df8981a910e_bigin-webhook-server.
2025-10-28T07:44:00.8287708Z Deleting container: 4df8981a910e_bigin-webhook-server. Retry count = 0
2025-10-28T07:44:01.1555609Z Container spec TerminationMessagePolicy  path 
2025-10-28T07:44:01.1570696Z Container is terminated. Total time elapsed: 5512 ms.
2025-10-28T07:44:01.1571249Z Site: bigin-webhook-server stopped.
2025-10-28T07:44:42.4057815Z Container start method called.
2025-10-28T07:44:42.4074825Z Establishing network.
2025-10-28T07:44:42.4076324Z Pulling image: appsvc/node:20-lts_20250724.2.tuxprod.
2025-10-28T07:44:45.9911115Z Container is starting.
2025-10-28T07:44:45.9913946Z Establishing user namespace if not established already.
2025-10-28T07:44:45.9994034Z Establishing network if not established already.
2025-10-28T07:44:46.0003790Z Mounting volumes.
2025-10-28T07:44:46.0005853Z Nested mountpoint 
2025-10-28T07:44:46.0292594Z Nested mountpoint volatile/logs
2025-10-28T07:44:46.0807672Z Nested mountpoint 
2025-10-28T07:44:46.2551976Z Nested mountpoint 
2025-10-28T07:44:46.2758388Z Nested mountpoint 
2025-10-28T07:44:46.8478913Z Creating container.
2025-10-28T07:44:46.8538992Z Creating pipes for streaming container io.
2025-10-28T07:44:46.8564800Z Creating stdout named pipe at /podr/container/pipe/0cb9657e9760_bigin-webhook-server/stdout_b4b046d1f6dd407eb1a117e745abf40f.
2025-10-28T07:44:46.8653944Z Successfully created stdout named pipe at: /podr/container/pipe/0cb9657e9760_bigin-webhook-server/stdout_b4b046d1f6dd407eb1a117e745abf40f.
2025-10-28T07:44:46.8735174Z Opening named pipe /podr/container/pipe/0cb9657e9760_bigin-webhook-server/stdout_b4b046d1f6dd407eb1a117e745abf40f for reading in non-blocking mode.
2025-10-28T07:44:46.8755668Z Successfully opened named pipe: /podr/container/pipe/0cb9657e9760_bigin-webhook-server/stdout_b4b046d1f6dd407eb1a117e745abf40f.
2025-10-28T07:44:46.8827405Z Successfully removed non-blocking flag from /podr/container/pipe/0cb9657e9760_bigin-webhook-server/stdout_b4b046d1f6dd407eb1a117e745abf40f.
2025-10-28T07:44:46.8860393Z Creating stderr named pipe at /podr/container/pipe/0cb9657e9760_bigin-webhook-server/stderr_3d248c2de52e44e3b077b2b60901c408.
2025-10-28T07:44:46.8953625Z Successfully created stderr named pipe at: /podr/container/pipe/0cb9657e9760_bigin-webhook-server/stderr_3d248c2de52e44e3b077b2b60901c408.
2025-10-28T07:44:46.9026233Z Opening named pipe /podr/container/pipe/0cb9657e9760_bigin-webhook-server/stderr_3d248c2de52e44e3b077b2b60901c408 for reading in non-blocking mode.
2025-10-28T07:44:46.9029379Z Successfully opened named pipe: /podr/container/pipe/0cb9657e9760_bigin-webhook-server/stderr_3d248c2de52e44e3b077b2b60901c408.
2025-10-28T07:44:46.9032274Z Successfully removed non-blocking flag from /podr/container/pipe/0cb9657e9760_bigin-webhook-server/stderr_3d248c2de52e44e3b077b2b60901c408.
2025-10-28T07:44:46.9036014Z Creating container with image: appsvc/node:20-lts_20250724.2.tuxprod from registry: mcr.microsoft.com and fully qualified image name: mcr.microsoft.com/appsvc/node:20-lts_20250724.2.tuxprod
2025-10-28T07:44:47.6324019Z Starting container: 0cb9657e9760_bigin-webhook-server.
2025-10-28T07:44:47.7799404Z Starting watchers and probes.
2025-10-28T07:44:47.7915884Z Starting metrics collection.
2025-10-28T07:44:47.7981562Z Container is running.
2025-10-28T07:44:48.1351762Z Container start method finished after 5711 ms.
2025-10-28T07:45:15.4108070Z Site startup probe succeeded after 27.1662348 seconds.
2025-10-28T07:45:15.6312316Z Site is running with deployment version: 8c1ea983ad00c0164a56ba2c6b10208e0998cf3e
2025-10-28T07:45:15.6419603Z Site started.
2025-10-28T07:45:15.7108834Z Site is running with patch version: 20.19.3
2025-10-28T07:48:12.3631354Z Container start method called.
2025-10-28T07:48:12.3729163Z Establishing network.
2025-10-28T07:48:12.3731364Z Pulling image: appsvc/node:20-lts_20250724.2.tuxprod.
2025-10-28T07:48:19.4099083Z Container is starting.
2025-10-28T07:48:19.4174370Z Establishing user namespace if not established already.
2025-10-28T07:48:19.4176121Z Establishing network if not established already.
2025-10-28T07:48:19.4177516Z Mounting volumes.
2025-10-28T07:48:19.4179315Z Nested mountpoint 
2025-10-28T07:48:19.4402643Z Nested mountpoint volatile/logs
2025-10-28T07:48:19.5197894Z Nested mountpoint 
2025-10-28T07:48:19.5484233Z Nested mountpoint 
2025-10-28T07:48:19.5802788Z Nested mountpoint 
2025-10-28T07:48:20.7651083Z Creating container.
2025-10-28T07:48:20.7652177Z Creating pipes for streaming container io.
2025-10-28T07:48:20.7652986Z Creating stdout named pipe at /podr/container/pipe/b2b10c9f979d_bigin-webhook-server/stdout_a2cbda7a977249d1a7a7fdba48bd37ff.
2025-10-28T07:48:20.7655126Z Successfully created stdout named pipe at: /podr/container/pipe/b2b10c9f979d_bigin-webhook-server/stdout_a2cbda7a977249d1a7a7fdba48bd37ff.
2025-10-28T07:48:20.7655876Z Opening named pipe /podr/container/pipe/b2b10c9f979d_bigin-webhook-server/stdout_a2cbda7a977249d1a7a7fdba48bd37ff for reading in non-blocking mode.
2025-10-28T07:48:20.7656722Z Successfully opened named pipe: /podr/container/pipe/b2b10c9f979d_bigin-webhook-server/stdout_a2cbda7a977249d1a7a7fdba48bd37ff.
2025-10-28T07:48:20.7657396Z Successfully removed non-blocking flag from /podr/container/pipe/b2b10c9f979d_bigin-webhook-server/stdout_a2cbda7a977249d1a7a7fdba48bd37ff.
2025-10-28T07:48:20.7658201Z Creating stderr named pipe at /podr/container/pipe/b2b10c9f979d_bigin-webhook-server/stderr_3aee7d7538b041adbaacf18e52709f5e.
2025-10-28T07:48:20.7659274Z Successfully created stderr named pipe at: /podr/container/pipe/b2b10c9f979d_bigin-webhook-server/stderr_3aee7d7538b041adbaacf18e52709f5e.
2025-10-28T07:48:20.7659914Z Opening named pipe /podr/container/pipe/b2b10c9f979d_bigin-webhook-server/stderr_3aee7d7538b041adbaacf18e52709f5e for reading in non-blocking mode.
2025-10-28T07:48:20.7660982Z Successfully opened named pipe: /podr/container/pipe/b2b10c9f979d_bigin-webhook-server/stderr_3aee7d7538b041adbaacf18e52709f5e.
2025-10-28T07:48:20.8528836Z Successfully removed non-blocking flag from /podr/container/pipe/b2b10c9f979d_bigin-webhook-server/stderr_3aee7d7538b041adbaacf18e52709f5e.
2025-10-28T07:48:20.8542551Z Creating container with image: appsvc/node:20-lts_20250724.2.tuxprod from registry: mcr.microsoft.com and fully qualified image name: mcr.microsoft.com/appsvc/node:20-lts_20250724.2.tuxprod
2025-10-28T07:48:22.4584909Z Container start up interrupted. Revert by terminate.
2025-10-28T07:48:22.4587508Z Container is terminating. Grace period: 5 seconds.
2025-10-28T07:48:22.4589640Z Stop and delete container. Retry count = 0
2025-10-28T07:48:22.4680571Z Stopping container: b2b10c9f979d_bigin-webhook-server.
2025-10-28T07:48:22.5370257Z Stop container failed with unexpected exception. Proceed regardless.
2025-10-28T07:48:22.5594560Z Get exit code failed with unexpected exception. Proceed regardless.
2025-10-28T07:48:22.5599008Z Deleting container: b2b10c9f979d_bigin-webhook-server. Retry count = 0
2025-10-28T07:48:24.5800766Z Stop and delete container. Retry count = 1
2025-10-28T07:48:24.5895086Z Stopping container: b2b10c9f979d_bigin-webhook-server.
2025-10-28T07:48:24.6223452Z Stop container failed with unexpected exception. Proceed regardless.
2025-10-28T07:48:24.6625639Z Get exit code failed with unexpected exception. Proceed regardless.
2025-10-28T07:48:26.6814362Z Stop and delete container. Retry count = 2
2025-10-28T07:48:26.6828163Z Stopping container: b2b10c9f979d_bigin-webhook-server.
2025-10-28T07:48:26.7065084Z Stop container failed with unexpected exception. Proceed regardless.
2025-10-28T07:48:26.7361514Z Get exit code failed with unexpected exception. Proceed regardless.
2025-10-28T07:48:28.7409736Z Stop and delete container. Retry count = 3
2025-10-28T07:48:28.7439590Z Stopping container: b2b10c9f979d_bigin-webhook-server.
2025-10-28T07:48:28.7644194Z Stop container failed with unexpected exception. Proceed regardless.
2025-10-28T07:48:28.7958631Z Get exit code failed with unexpected exception. Proceed regardless.
2025-10-28T07:48:30.8031745Z Failed to stop and delete container after 3 retries. Skip.
2025-10-28T07:48:30.8054389Z Container spec TerminationMessagePolicy  path 
2025-10-28T07:48:30.8123555Z Container is terminated. Total time elapsed: 8352 ms.
2025-10-28T07:48:30.8130318Z Site container: bigin-webhook-server terminated during site startup.
2025-10-28T07:48:31.1105523Z Site container: bigin-webhook-server terminated. Stopping the entire site.
2025-10-28T07:48:31.1114871Z Site: bigin-webhook-server stopped.
2025-10-28T07:48:51.2622333Z Container is terminating. Grace period: 5 seconds.
2025-10-28T07:48:51.2720331Z Stop and delete container. Retry count = 0
2025-10-28T07:48:51.2729802Z Stopping container: 0cb9657e9760_bigin-webhook-server.
2025-10-28T07:48:57.2088541Z Deleting container: 0cb9657e9760_bigin-webhook-server. Retry count = 0
2025-10-28T07:48:57.6322126Z Container spec TerminationMessagePolicy  path 
2025-10-28T07:48:57.6402530Z Container is terminated. Total time elapsed: 6370 ms.
2025-10-28T07:48:57.6409610Z Site: bigin-webhook-server stopped.
2025-10-28T07:49:29.0538525Z Container start method called.
2025-10-28T07:49:29.0546258Z Establishing network.
2025-10-28T07:49:29.0649707Z Pulling image: appsvc/node:20-lts_20250724.2.tuxprod.
2025-10-28T07:49:31.1160986Z Container is starting.
2025-10-28T07:49:31.1252165Z Establishing user namespace if not established already.
2025-10-28T07:49:31.1379843Z Establishing network if not established already.
2025-10-28T07:49:31.1473205Z Mounting volumes.
2025-10-28T07:49:31.1476024Z Nested mountpoint 
2025-10-28T07:49:31.1951201Z Nested mountpoint volatile/logs
2025-10-28T07:49:31.2351539Z Nested mountpoint 
2025-10-28T07:49:31.2828727Z Nested mountpoint 
2025-10-28T07:49:31.3959772Z Nested mountpoint 
2025-10-28T07:49:33.0406209Z Creating container.
2025-10-28T07:49:33.0407534Z Creating pipes for streaming container io.
2025-10-28T07:49:33.0408408Z Creating stdout named pipe at /podr/container/pipe/3abe01044544_bigin-webhook-server/stdout_f7eb1fc6d3cf4af1b5f1612cdaae8f6c.
2025-10-28T07:49:33.0410315Z Successfully created stdout named pipe at: /podr/container/pipe/3abe01044544_bigin-webhook-server/stdout_f7eb1fc6d3cf4af1b5f1612cdaae8f6c.
2025-10-28T07:49:33.0411557Z Opening named pipe /podr/container/pipe/3abe01044544_bigin-webhook-server/stdout_f7eb1fc6d3cf4af1b5f1612cdaae8f6c for reading in non-blocking mode.
2025-10-28T07:49:33.0412727Z Successfully opened named pipe: /podr/container/pipe/3abe01044544_bigin-webhook-server/stdout_f7eb1fc6d3cf4af1b5f1612cdaae8f6c.
2025-10-28T07:49:33.0413571Z Successfully removed non-blocking flag from /podr/container/pipe/3abe01044544_bigin-webhook-server/stdout_f7eb1fc6d3cf4af1b5f1612cdaae8f6c.
2025-10-28T07:49:33.0414464Z Creating stderr named pipe at /podr/container/pipe/3abe01044544_bigin-webhook-server/stderr_6e1a22e245cd488c8513ef7358a67815.
2025-10-28T07:49:33.0415780Z Successfully created stderr named pipe at: /podr/container/pipe/3abe01044544_bigin-webhook-server/stderr_6e1a22e245cd488c8513ef7358a67815.
2025-10-28T07:49:33.0416574Z Opening named pipe /podr/container/pipe/3abe01044544_bigin-webhook-server/stderr_6e1a22e245cd488c8513ef7358a67815 for reading in non-blocking mode.
2025-10-28T07:49:33.0417536Z Successfully opened named pipe: /podr/container/pipe/3abe01044544_bigin-webhook-server/stderr_6e1a22e245cd488c8513ef7358a67815.
2025-10-28T07:49:33.0418414Z Successfully removed non-blocking flag from /podr/container/pipe/3abe01044544_bigin-webhook-server/stderr_6e1a22e245cd488c8513ef7358a67815.
2025-10-28T07:49:33.0419303Z Creating container with image: appsvc/node:20-lts_20250724.2.tuxprod from registry: mcr.microsoft.com and fully qualified image name: mcr.microsoft.com/appsvc/node:20-lts_20250724.2.tuxprod
2025-10-28T07:49:33.6561734Z Starting container: 3abe01044544_bigin-webhook-server.
2025-10-28T07:49:33.7738800Z Starting watchers and probes.
2025-10-28T07:49:33.7942671Z Starting metrics collection.
2025-10-28T07:49:33.7945986Z Container is running.
2025-10-28T07:49:33.9971552Z Container start method finished after 4943 ms.
2025-10-28T07:50:11.3651404Z Site startup probe succeeded after 37.2795933 seconds.
2025-10-28T07:50:11.5779716Z Site is running with deployment version: 8c1ea983ad00c0164a56ba2c6b10208e0998cf3e
2025-10-28T07:50:11.5967021Z Site started.
2025-10-28T07:50:11.6446101Z Site is running with patch version: 20.19.3
2025-10-28T08:00:15.8415896Z Container start method called.
2025-10-28T08:00:15.8423367Z Establishing network.
2025-10-28T08:00:15.8427240Z Pulling image: appsvc/node:20-lts_20250724.2.tuxprod.
2025-10-28T08:00:24.7362065Z Container is starting.
2025-10-28T08:00:24.7363875Z Establishing user namespace if not established already.
2025-10-28T08:00:24.7364591Z Establishing network if not established already.
2025-10-28T08:00:24.7365449Z Mounting volumes.
2025-10-28T08:00:24.7366798Z Nested mountpoint 
2025-10-28T08:00:24.8384575Z Nested mountpoint volatile/logs
2025-10-28T08:00:24.9286279Z Nested mountpoint 
2025-10-28T08:00:25.0855607Z Nested mountpoint 
2025-10-28T08:00:25.1074698Z Nested mountpoint 
2025-10-28T08:00:27.6560031Z Creating container.
2025-10-28T08:00:27.6562251Z Creating pipes for streaming container io.
2025-10-28T08:00:27.6639978Z Creating stdout named pipe at /podr/container/pipe/fb819f585500_bigin-webhook-server/stdout_26be915f52df43f095c765ea869e6a7e.
2025-10-28T08:00:27.6728478Z Successfully created stdout named pipe at: /podr/container/pipe/fb819f585500_bigin-webhook-server/stdout_26be915f52df43f095c765ea869e6a7e.
2025-10-28T08:00:27.6730030Z Opening named pipe /podr/container/pipe/fb819f585500_bigin-webhook-server/stdout_26be915f52df43f095c765ea869e6a7e for reading in non-blocking mode.
2025-10-28T08:00:27.6734061Z Successfully opened named pipe: /podr/container/pipe/fb819f585500_bigin-webhook-server/stdout_26be915f52df43f095c765ea869e6a7e.
2025-10-28T08:00:27.6834841Z Successfully removed non-blocking flag from /podr/container/pipe/fb819f585500_bigin-webhook-server/stdout_26be915f52df43f095c765ea869e6a7e.
2025-10-28T08:00:27.6837190Z Creating stderr named pipe at /podr/container/pipe/fb819f585500_bigin-webhook-server/stderr_6d8e175a75324d72bd157a9af6fcc2c4.
2025-10-28T08:00:27.6839061Z Successfully created stderr named pipe at: /podr/container/pipe/fb819f585500_bigin-webhook-server/stderr_6d8e175a75324d72bd157a9af6fcc2c4.
2025-10-28T08:00:27.6840272Z Opening named pipe /podr/container/pipe/fb819f585500_bigin-webhook-server/stderr_6d8e175a75324d72bd157a9af6fcc2c4 for reading in non-blocking mode.
2025-10-28T08:00:27.6841762Z Successfully opened named pipe: /podr/container/pipe/fb819f585500_bigin-webhook-server/stderr_6d8e175a75324d72bd157a9af6fcc2c4.
2025-10-28T08:00:27.6845950Z Successfully removed non-blocking flag from /podr/container/pipe/fb819f585500_bigin-webhook-server/stderr_6d8e175a75324d72bd157a9af6fcc2c4.
2025-10-28T08:00:27.6848871Z Creating container with image: appsvc/node:20-lts_20250724.2.tuxprod from registry: mcr.microsoft.com and fully qualified image name: mcr.microsoft.com/appsvc/node:20-lts_20250724.2.tuxprod
2025-10-28T08:00:29.9516028Z Starting container: fb819f585500_bigin-webhook-server.
2025-10-28T08:00:30.1143249Z Starting watchers and probes.
2025-10-28T08:00:30.1920127Z Starting metrics collection.
2025-10-28T08:00:30.1936915Z Container is running.
2025-10-28T08:00:30.8150434Z Container start method finished after 14966 ms.
2025-10-28T08:01:13.1311492Z Site startup probe succeeded after 42.2786834 seconds.
2025-10-28T08:01:13.5236658Z Site is running with deployment version: 8c1ea983ad00c0164a56ba2c6b10208e0998cf3e
2025-10-28T08:01:13.5839213Z Site started.
2025-10-28T08:01:13.7043071Z Site is running with patch version: 20.19.3
2025-10-28T08:01:33.8902482Z Container is terminating. Grace period: 5 seconds.
2025-10-28T08:01:33.9378774Z Stop and delete container. Retry count = 0
2025-10-28T08:01:33.9380286Z Stopping container: 3abe01044544_bigin-webhook-server.
2025-10-28T08:01:39.1195841Z Deleting container: 3abe01044544_bigin-webhook-server. Retry count = 0
2025-10-28T08:01:39.5989477Z Container spec TerminationMessagePolicy  path 
2025-10-28T08:01:39.6011955Z Container is terminated. Total time elapsed: 5709 ms.
2025-10-28T08:01:39.6023533Z Site: bigin-webhook-server stopped.
2025-10-28T08:03:49.3812367Z Container start method called.
2025-10-28T08:03:49.3813731Z Establishing network.
2025-10-28T08:03:49.3814492Z Pulling image: appsvc/node:20-lts_20250724.2.tuxprod.
2025-10-28T08:03:56.7138532Z Container is starting.
2025-10-28T08:03:56.7161009Z Establishing user namespace if not established already.
2025-10-28T08:03:56.7361798Z Establishing network if not established already.
2025-10-28T08:03:56.7365891Z Mounting volumes.
2025-10-28T08:03:56.7372992Z Nested mountpoint 
2025-10-28T08:03:56.8366741Z Nested mountpoint volatile/logs
2025-10-28T08:03:56.8854349Z Nested mountpoint 
2025-10-28T08:03:56.9264836Z Nested mountpoint 
2025-10-28T08:03:57.0370832Z Nested mountpoint 
2025-10-28T08:03:58.2101061Z Creating container.
2025-10-28T08:03:58.2166543Z Creating pipes for streaming container io.
2025-10-28T08:03:58.2169029Z Creating stdout named pipe at /podr/container/pipe/28b18045629b_bigin-webhook-server/stdout_0a0b56e2a9bf44778013c1c9dfdfb05d.
2025-10-28T08:03:58.2171304Z Successfully created stdout named pipe at: /podr/container/pipe/28b18045629b_bigin-webhook-server/stdout_0a0b56e2a9bf44778013c1c9dfdfb05d.
2025-10-28T08:03:58.2172478Z Opening named pipe /podr/container/pipe/28b18045629b_bigin-webhook-server/stdout_0a0b56e2a9bf44778013c1c9dfdfb05d for reading in non-blocking mode.
2025-10-28T08:03:58.2174773Z Successfully opened named pipe: /podr/container/pipe/28b18045629b_bigin-webhook-server/stdout_0a0b56e2a9bf44778013c1c9dfdfb05d.
2025-10-28T08:03:58.2176063Z Successfully removed non-blocking flag from /podr/container/pipe/28b18045629b_bigin-webhook-server/stdout_0a0b56e2a9bf44778013c1c9dfdfb05d.
2025-10-28T08:03:58.2177243Z Creating stderr named pipe at /podr/container/pipe/28b18045629b_bigin-webhook-server/stderr_14e3c7f05feb486f8a6216c388eaca56.
2025-10-28T08:03:58.2179102Z Successfully created stderr named pipe at: /podr/container/pipe/28b18045629b_bigin-webhook-server/stderr_14e3c7f05feb486f8a6216c388eaca56.
2025-10-28T08:03:58.2180319Z Opening named pipe /podr/container/pipe/28b18045629b_bigin-webhook-server/stderr_14e3c7f05feb486f8a6216c388eaca56 for reading in non-blocking mode.
2025-10-28T08:03:58.2183735Z Successfully opened named pipe: /podr/container/pipe/28b18045629b_bigin-webhook-server/stderr_14e3c7f05feb486f8a6216c388eaca56.
2025-10-28T08:03:58.2192359Z Successfully removed non-blocking flag from /podr/container/pipe/28b18045629b_bigin-webhook-server/stderr_14e3c7f05feb486f8a6216c388eaca56.
2025-10-28T08:03:58.2193907Z Creating container with image: appsvc/node:20-lts_20250724.2.tuxprod from registry: mcr.microsoft.com and fully qualified image name: mcr.microsoft.com/appsvc/node:20-lts_20250724.2.tuxprod
2025-10-28T08:03:59.3015486Z Starting container: 28b18045629b_bigin-webhook-server.
2025-10-28T08:03:59.4109921Z Starting watchers and probes.
2025-10-28T08:03:59.4333573Z Starting metrics collection.
2025-10-28T08:03:59.4338084Z Container is running.
2025-10-28T08:03:59.5131157Z Container start method finished after 10131 ms.
2025-10-28T08:04:53.9838274Z Site startup probe succeeded after 54.4503008 seconds.
2025-10-28T08:04:54.2609535Z Site is running with deployment version: 8c1ea983ad00c0164a56ba2c6b10208e0998cf3e
2025-10-28T08:04:54.2624307Z Site started.
2025-10-28T08:04:54.2824829Z Site is running with patch version: 20.19.3
2025-10-28T08:05:14.4887344Z Container is terminating. Grace period: 5 seconds.
2025-10-28T08:05:14.5090298Z Stop and delete container. Retry count = 0
2025-10-28T08:05:14.5095706Z Stopping container: fb819f585500_bigin-webhook-server.
2025-10-28T08:05:19.7574897Z Deleting container: fb819f585500_bigin-webhook-server. Retry count = 0
2025-10-28T08:05:20.4366474Z Container spec TerminationMessagePolicy  path 
2025-10-28T08:05:20.4456323Z Container is terminated. Total time elapsed: 5954 ms.
2025-10-28T08:05:20.4529893Z Site: bigin-webhook-server stopped.
2025-10-28T08:07:29.7376109Z Container start method called.
2025-10-28T08:07:29.7384101Z Establishing network.
2025-10-28T08:07:29.7385340Z Pulling image: appsvc/node:20-lts_20250724.2.tuxprod.
2025-10-28T08:07:40.0798863Z Container is starting.
2025-10-28T08:07:40.0813235Z Establishing user namespace if not established already.
2025-10-28T08:07:40.0815603Z Establishing network if not established already.
2025-10-28T08:07:40.0817135Z Mounting volumes.
2025-10-28T08:07:40.0920887Z Nested mountpoint 
2025-10-28T08:07:40.1599918Z Nested mountpoint volatile/logs
2025-10-28T08:07:40.1799397Z Nested mountpoint 
2025-10-28T08:07:40.2640226Z Nested mountpoint 
2025-10-28T08:07:40.2672878Z Nested mountpoint 
2025-10-28T08:07:41.7507911Z Creating container.
2025-10-28T08:07:41.8503477Z Creating pipes for streaming container io.
2025-10-28T08:07:41.9079753Z Creating stdout named pipe at /podr/container/pipe/5867cda75564_bigin-webhook-server/stdout_a09c67e6536c44b4bb6ca970952de2de.
2025-10-28T08:07:41.9163739Z Successfully created stdout named pipe at: /podr/container/pipe/5867cda75564_bigin-webhook-server/stdout_a09c67e6536c44b4bb6ca970952de2de.
2025-10-28T08:07:41.9166311Z Opening named pipe /podr/container/pipe/5867cda75564_bigin-webhook-server/stdout_a09c67e6536c44b4bb6ca970952de2de for reading in non-blocking mode.
2025-10-28T08:07:41.9377279Z Successfully opened named pipe: /podr/container/pipe/5867cda75564_bigin-webhook-server/stdout_a09c67e6536c44b4bb6ca970952de2de.
2025-10-28T08:07:41.9395572Z Successfully removed non-blocking flag from /podr/container/pipe/5867cda75564_bigin-webhook-server/stdout_a09c67e6536c44b4bb6ca970952de2de.
2025-10-28T08:07:41.9397526Z Creating stderr named pipe at /podr/container/pipe/5867cda75564_bigin-webhook-server/stderr_934eefd5e6294011bdc1d281ebcd6d9f.
2025-10-28T08:07:41.9399304Z Successfully created stderr named pipe at: /podr/container/pipe/5867cda75564_bigin-webhook-server/stderr_934eefd5e6294011bdc1d281ebcd6d9f.
2025-10-28T08:07:41.9583788Z Opening named pipe /podr/container/pipe/5867cda75564_bigin-webhook-server/stderr_934eefd5e6294011bdc1d281ebcd6d9f for reading in non-blocking mode.
2025-10-28T08:07:41.9586190Z Successfully opened named pipe: /podr/container/pipe/5867cda75564_bigin-webhook-server/stderr_934eefd5e6294011bdc1d281ebcd6d9f.
2025-10-28T08:07:41.9587365Z Successfully removed non-blocking flag from /podr/container/pipe/5867cda75564_bigin-webhook-server/stderr_934eefd5e6294011bdc1d281ebcd6d9f.
2025-10-28T08:07:41.9588430Z Creating container with image: appsvc/node:20-lts_20250724.2.tuxprod from registry: mcr.microsoft.com and fully qualified image name: mcr.microsoft.com/appsvc/node:20-lts_20250724.2.tuxprod
2025-10-28T08:07:44.3141329Z Starting container: 5867cda75564_bigin-webhook-server.
2025-10-28T08:07:44.4843347Z Starting watchers and probes.
2025-10-28T08:07:44.4845990Z Starting metrics collection.
2025-10-28T08:07:44.4853958Z Container is running.
2025-10-28T08:07:44.6765635Z Container start method finished after 14938 ms.
2025-10-28T08:08:39.9820757Z Site startup probe succeeded after 55.176094 seconds.
2025-10-28T08:08:40.5539639Z Site is running with deployment version: 8c1ea983ad00c0164a56ba2c6b10208e0998cf3e
2025-10-28T08:08:40.5754613Z Site started.
2025-10-28T08:08:40.5961713Z Site is running with patch version: 20.19.3
2025-10-28T08:09:00.7802117Z Container is terminating. Grace period: 5 seconds.
2025-10-28T08:09:00.8026913Z Stop and delete container. Retry count = 0
2025-10-28T08:09:00.8103064Z Stopping container: 28b18045629b_bigin-webhook-server.
2025-10-28T08:09:05.9647540Z Deleting container: 28b18045629b_bigin-webhook-server. Retry count = 0
2025-10-28T08:09:06.5555286Z Container spec TerminationMessagePolicy  path 
2025-10-28T08:09:06.5581613Z Container is terminated. Total time elapsed: 5775 ms.
2025-10-28T08:09:06.5649974Z Site: bigin-webhook-server stopped.
