2025-10-28T06:52:38.7358900Z,Updating submodules.,29705a6f-3fdc-42be-ad26-1a89114f8fcd,0
2025-10-28T06:52:39.9796271Z,Preparing deployment for commit id '4c8f05666d'.,08f2537f-bc41-4ddd-84cd-3071532f6fde,0
2025-10-28T06:52:40.3769013Z,PreDeployment: context.CleanOutputPath False,6fdcba03-db98-4cea-8c9c-19f32d1643a5,0
2025-10-28T06:52:40.5906728Z,PreDeployment: context.OutputPath /home/site/wwwroot,48abb8bc-d786-4b93-801d-c39139094bf2,0
2025-10-28T06:52:40.7379494Z,Repository path is /home/site/repository,ae69c517-1c8b-4cb5-a632-69ef8a036c2b,0
2025-10-28T06:52:40.8653462Z,Running oryx build...,665b7a8c-51d5-439d-980e-7b39387c2d78,0
	2025-10-28T06:52:40.8706895Z,Command: oryx build /home/site/repository -o /home/site/wwwroot --platform nodejs --platform-version 20 -p virtualenv_name= --log-file /tmp/build-debug.log  -i /tmp/8de15ee964d2435 -p compress_node_modules=tar-gz | tee /tmp/oryx-build.log,,0
	2025-10-28T06:52:43.0071898Z,Operation performed by Microsoft Oryx&comma; https://github.com/Microsoft/Oryx,,0
	2025-10-28T06:52:43.0360866Z,You can report issues at https://github.com/Microsoft/Oryx/issues,,0
	2025-10-28T06:52:43.0662187Z,,,0
	2025-10-28T06:52:43.0883873Z,Oryx Version: 0.2.20250611.1+0649de32f1279969c9023dd41b389cce4bb94493&comma; Commit: 0649de32f1279969c9023dd41b389cce4bb94493&comma; ReleaseTagName: 20250611.1,,0
	2025-10-28T06:52:43.1160726Z,,,0
	2025-10-28T06:52:43.1568024Z,Build Operation ID: 9200c66bd4b77d86,,0
	2025-10-28T06:52:43.1791995Z,Repository Commit : 4c8f05666d2d0dae56930b2d8a8582d58c9f1a87,,0
	2025-10-28T06:52:43.2447812Z,OS Type           : bookworm,,0
	2025-10-28T06:52:43.2746874Z,Image Type        : githubactions,,0
	2025-10-28T06:52:43.3051771Z,,,0
	2025-10-28T06:52:43.3537668Z,Primary SDK Storage URL: https://oryx-cdn.microsoft.io,,0
	2025-10-28T06:52:43.3845534Z,Backup SDK Storage URL: https://oryxsdks-cdn.azureedge.net,,0
	2025-10-28T06:52:43.4503624Z,Detecting platforms...,,0
	2025-10-28T06:52:46.1933110Z,Detected following platforms:,,0
	2025-10-28T06:52:46.2604377Z,  nodejs: 20.19.5,,0
	2025-10-28T06:52:46.4723823Z,Detected the following frameworks: Express,,0
	2025-10-28T06:52:46.8085669Z,,,0
	2025-10-28T06:52:46.9079579Z,Using intermediate directory '/tmp/8de15ee964d2435'.,,0
	2025-10-28T06:52:46.9369659Z,,,0
	2025-10-28T06:52:46.9633649Z,Copying files to the intermediate directory...,,0
	2025-10-28T06:52:48.0660438Z,Done in 2 sec(s).,,0
	2025-10-28T06:52:48.1105110Z,,,0
	2025-10-28T06:52:48.1317075Z,Source directory     : /tmp/8de15ee964d2435,,0
	2025-10-28T06:52:48.1690931Z,Destination directory: /home/site/wwwroot,,0
	2025-10-28T06:52:48.1921385Z,,,0
	2025-10-28T06:52:48.6801191Z,Removing existing manifest file,,0
	2025-10-28T06:52:48.7210131Z,Creating directory for command manifest file if it does not exist,,0
	2025-10-28T06:52:48.7716968Z,Creating a manifest file...,,0
	2025-10-28T06:52:48.8135391Z,Node Build Command Manifest file created.,,0
	2025-10-28T06:52:48.8604540Z,,,0
	2025-10-28T06:52:48.9021706Z,Found npm version spec to follow in package.json: '>=8.0.0',,0
	2025-10-28T06:52:48.9132067Z,Updating version of npm installed to meet the above version spec.,,0
	2025-10-28T06:53:03.0944301Z,,,0
	2025-10-28T06:53:03.1267716Z,changed 13 packages in 14s,,0
	2025-10-28T06:53:03.2167166Z,,,0
	2025-10-28T06:53:03.2464941Z,28 packages are looking for funding,,0
	2025-10-28T06:53:03.2576064Z,  run `npm fund` for details,,0
	2025-10-28T06:53:03.4557887Z,,,0
	2025-10-28T06:53:03.5056693Z,,,0
	2025-10-28T06:53:03.5278327Z,Using Node version:,,0
	2025-10-28T06:53:03.5787032Z,v20.19.5,,0
	2025-10-28T06:53:03.5997423Z,,,0
	2025-10-28T06:53:03.6393380Z,Using Npm version:,,0
	2025-10-28T06:53:04.1822520Z,11.6.2,,0
	2025-10-28T06:53:04.2305362Z,,,0
	2025-10-28T06:53:04.2790100Z,Running 'npm install'...,,0
	2025-10-28T06:53:04.2990866Z,,,0
	2025-10-28T06:53:10.1094897Z,,,0
	2025-10-28T06:53:10.1595516Z,added 79 packages&comma; and audited 80 packages in 5s,,0
	2025-10-28T06:53:10.1990332Z,,,0
	2025-10-28T06:53:10.2204125Z,17 packages are looking for funding,,0
	2025-10-28T06:53:10.2655896Z,  run `npm fund` for details,,0
	2025-10-28T06:53:10.2882175Z,,,0
	2025-10-28T06:53:10.3162614Z,found 0 vulnerabilities,,0
	2025-10-28T06:53:10.3662719Z,,,0
	2025-10-28T06:53:10.4179887Z,Zipping existing node_modules folder...,,0
	2025-10-28T06:53:11.3013275Z,Done in 1 sec(s).,,0
	2025-10-28T06:53:11.3292520Z,Preparing output...,,0
	2025-10-28T06:53:11.3724829Z,,,0
	2025-10-28T06:53:11.4179244Z,Copying files to destination directory '/home/site/wwwroot'...,,0
	2025-10-28T06:53:12.0600259Z,Done in 1 sec(s).,,0
	2025-10-28T06:53:12.1076200Z,,,0
	2025-10-28T06:53:12.1295755Z,Removing existing manifest file,,0
	2025-10-28T06:53:12.1358684Z,Creating a manifest file...,,0
	2025-10-28T06:53:12.1584646Z,Manifest file created.,,0
	2025-10-28T06:53:12.2056841Z,Copying .ostype to manifest output directory.,,0
	2025-10-28T06:53:12.2362082Z,,,0
	2025-10-28T06:53:12.2669580Z,Done in 26 sec(s).,,0
2025-10-28T06:53:12.8696903Z,Running post deployment command(s)...,59a27296-bbbd-4780-ad0e-b4795bdbde15,0
2025-10-28T06:53:13.0241475Z,,5ffb477c-a4c8-44c5-9cc2-a9ab46c4cd07,0
2025-10-28T06:53:13.1733605Z,Generating summary of Oryx build,c9d17199-0feb-4fe6-a6ff-cd9b3b8c7fdb,0
2025-10-28T06:53:13.3564035Z,Parsing the build logs,83114aff-3614-43e7-85af-8b84d5f07f6a,0
2025-10-28T06:53:13.5632558Z,Found 0 issue(s),5ae6a3e9-4499-4ab1-a863-40eb342c78af,0
2025-10-28T06:53:13.7152570Z,,49261b46-d77c-4655-9d7d-514c6a1960d2,0
2025-10-28T06:53:13.8304117Z,Build Summary :,9a16f4d3-6346-4dfe-adc0-09592a40b073,0
2025-10-28T06:53:13.9704892Z,===============,4389ede6-5cdc-45ee-8b14-851b807812e4,0
2025-10-28T06:53:14.0965269Z,Errors (0),0acd0b90-0f3c-40c2-a65e-d4d80711a15d,0
2025-10-28T06:53:14.2556562Z,Warnings (0),88fbafd5-b0c7-4de4-8b05-310b62e20c1e,0
2025-10-28T06:53:14.3841896Z,,80022c48-14ff-4f0d-a9ee-1a584746fa19,0
2025-10-28T06:53:14.5403857Z,Triggering recycle (preview mode disabled).,98a06561-ab6d-4fba-8501-36248b328081,0
2025-10-28T06:53:14.8956051Z,Deployment successful. deployer = GitHub deploymentPath = ,21e25dee-488a-46cb-8849-c484fe77a2d3,0
