2025-10-28T06:23:19.602137028Z    _____                               
2025-10-28T06:23:19.602500556Z   /  _  \ __________ _________   ____  
2025-10-28T06:23:19.602506958Z  /  /_\  \\___   /  |  \_  __ \_/ __ \ 
2025-10-28T06:23:19.602510801Z /    |    \/    /|  |  /|  | \/\  ___/ 
2025-10-28T06:23:19.602514406Z \____|__  /_____ \____/ |__|    \___  >
2025-10-28T06:23:19.602518026Z         \/      \/                  \/ 
2025-10-28T06:23:19.602521459Z A P P   S E R V I C E   O N   L I N U X
2025-10-28T06:23:19.602524696Z 
2025-10-28T06:23:19.602527838Z Documentation: http://aka.ms/webapp-linux
2025-10-28T06:23:19.602531145Z NodeJS quickstart: https://aka.ms/node-qs
2025-10-28T06:23:19.602534404Z NodeJS Version : v20.19.3
2025-10-28T06:23:19.602537577Z Note: Any data outside '/home' is not persisted
2025-10-28T06:23:19.602540866Z 
2025-10-28T06:23:34.767754330Z Starting OpenBSD Secure Shell server: sshd.
2025-10-28T06:23:34.818369317Z WEBSITES_INCLUDE_CLOUD_CERTS is not set to true.
2025-10-28T06:23:34.977181536Z Updating certificates in /etc/ssl/certs...
2025-10-28T06:24:01.335669810Z rehash: warning: skipping ca-certificates.crt,it does not contain exactly one certificate or CRL
2025-10-28T06:24:01.574055128Z 4 added, 0 removed; done.
2025-10-28T06:24:01.574080751Z Running hooks in /etc/ca-certificates/update.d...
2025-10-28T06:24:01.711302034Z done.
2025-10-28T06:24:01.850362371Z CA certificates copied and updated successfully.
2025-10-28T06:24:03.251346923Z Starting periodic command scheduler: cron.
2025-10-28T06:24:04.728549055Z Could not find build manifest file at '/home/site/wwwroot/oryx-manifest.toml'
2025-10-28T06:24:04.728583408Z Could not find operation ID in manifest. Generating an operation id...
2025-10-28T06:24:04.728589101Z Build Operation ID: 993a6e5f-4139-41b5-a948-410ebd603393
2025-10-28T06:24:05.813486754Z Environment Variables for Application Insight's IPA Codeless Configuration exists..
2025-10-28T06:24:05.854694928Z Writing output script to '/opt/startup/startup.sh'
2025-10-28T06:24:06.037016635Z Running #!/bin/sh
2025-10-28T06:24:06.037042271Z 
2025-10-28T06:24:06.037048397Z # Enter the source directory to make sure the script runs where the user expects
2025-10-28T06:24:06.037248105Z cd "/home/site/wwwroot"
2025-10-28T06:24:06.037253216Z 
2025-10-28T06:24:06.037257494Z export NODE_PATH=/usr/local/lib/node_modules:$NODE_PATH
2025-10-28T06:24:06.037261885Z if [ -z "$PORT" ]; then
2025-10-28T06:24:06.037266361Z 		export PORT=8080
2025-10-28T06:24:06.037270942Z fi
2025-10-28T06:24:06.037275084Z 
2025-10-28T06:24:06.037279413Z PATH="$PATH:/home/site/wwwroot" npm start
2025-10-28T06:24:12.123151665Z npm info using npm@10.9.2
2025-10-28T06:24:12.161157443Z npm info using node@v20.19.3
2025-10-28T06:24:21.609587296Z 
2025-10-28T06:24:21.609621900Z > bigin-webhook-server@2.0.0 start
2025-10-28T06:24:21.609626701Z > node server.js
2025-10-28T06:24:21.609629999Z 
2025-10-28T06:24:22.755660372Z /home/site/wwwroot/server.js:314
2025-10-28T06:24:22.755677529Z const PORT = process.env.PORT || 8080;
2025-10-28T06:24:22.755681558Z       ^
2025-10-28T06:24:22.755685311Z 
2025-10-28T06:24:22.755688806Z SyntaxError: Identifier 'PORT' has already been declared
2025-10-28T06:24:22.755691783Z     at wrapSafe (node:internal/modules/cjs/loader:1472:18)
2025-10-28T06:24:22.755694959Z     at Module._compile (node:internal/modules/cjs/loader:1501:20)
2025-10-28T06:24:22.755704779Z     at Module._extensions..js (node:internal/modules/cjs/loader:1613:10)
2025-10-28T06:24:22.755708283Z     at Module.load (node:internal/modules/cjs/loader:1275:32)
2025-10-28T06:24:22.755711307Z     at Module._load (node:internal/modules/cjs/loader:1096:12)
2025-10-28T06:24:22.755714432Z     at Function.executeUserEntryPoint [as runMain] (node:internal/modules/run_main:164:12)
2025-10-28T06:24:22.755717544Z     at node:internal/main/run_main_module:28:49
2025-10-28T06:24:22.755720536Z 
2025-10-28T06:24:22.755723416Z Node.js v20.19.3
2025-10-28T06:24:23.491748788Z npm http fetch GET 200 https://registry.npmjs.org/npm 3197ms
2025-10-28T06:24:23.571550078Z npm notice
2025-10-28T06:24:23.571575071Z npm notice New major version of npm available! 10.9.2 -> 11.6.2
2025-10-28T06:24:23.571579681Z npm notice Changelog: https://github.com/npm/cli/releases/tag/v11.6.2
2025-10-28T06:24:23.571583222Z npm notice To update run: npm install -g npm@11.6.2
2025-10-28T06:24:23.571586559Z npm notice

2025-10-28T06:24:50.101137132Z    _____                               
2025-10-28T06:24:50.101195178Z   /  _  \ __________ _________   ____  
2025-10-28T06:24:50.101200150Z  /  /_\  \\___   /  |  \_  __ \_/ __ \ 
2025-10-28T06:24:50.101203867Z /    |    \/    /|  |  /|  | \/\  ___/ 
2025-10-28T06:24:50.101207242Z \____|__  /_____ \____/ |__|    \___  >
2025-10-28T06:24:50.101210935Z         \/      \/                  \/ 
2025-10-28T06:24:50.101214234Z A P P   S E R V I C E   O N   L I N U X
2025-10-28T06:24:50.101217598Z 
2025-10-28T06:24:50.101220738Z Documentation: http://aka.ms/webapp-linux
2025-10-28T06:24:50.101224016Z NodeJS quickstart: https://aka.ms/node-qs
2025-10-28T06:24:50.101227222Z NodeJS Version : v20.19.3
2025-10-28T06:24:50.101230473Z Note: Any data outside '/home' is not persisted
2025-10-28T06:24:50.101233736Z 
2025-10-28T06:24:59.877753634Z Starting OpenBSD Secure Shell server: sshd.
2025-10-28T06:24:59.901200022Z WEBSITES_INCLUDE_CLOUD_CERTS is not set to true.
2025-10-28T06:25:00.069778197Z Updating certificates in /etc/ssl/certs...
2025-10-28T06:25:37.905768120Z rehash: warning: skipping ca-certificates.crt,it does not contain exactly one certificate or CRL
2025-10-28T06:25:39.109599212Z 4 added, 0 removed; done.
2025-10-28T06:25:39.109627351Z Running hooks in /etc/ca-certificates/update.d...
2025-10-28T06:25:39.109632880Z done.
2025-10-28T06:25:39.109637167Z CA certificates copied and updated successfully.
2025-10-28T06:25:40.364388232Z Starting periodic command scheduler: cron.
2025-10-28T06:25:42.602163875Z Could not find build manifest file at '/home/site/wwwroot/oryx-manifest.toml'
2025-10-28T06:25:42.602190099Z Could not find operation ID in manifest. Generating an operation id...
2025-10-28T06:25:42.602195695Z Build Operation ID: 6448320d-169e-4571-bd45-773a5c44706d
2025-10-28T06:25:43.625137616Z Environment Variables for Application Insight's IPA Codeless Configuration exists..
2025-10-28T06:25:43.625161770Z Writing output script to '/opt/startup/startup.sh'
2025-10-28T06:25:43.625166786Z Running #!/bin/sh
2025-10-28T06:25:43.625170821Z 
2025-10-28T06:25:43.625174750Z # Enter the source directory to make sure the script runs where the user expects
2025-10-28T06:25:43.625179219Z cd "/home/site/wwwroot"
2025-10-28T06:25:43.625183280Z 
2025-10-28T06:25:43.625187219Z export NODE_PATH=/usr/local/lib/node_modules:$NODE_PATH
2025-10-28T06:25:43.625191299Z if [ -z "$PORT" ]; then
2025-10-28T06:25:43.625195304Z 		export PORT=8080
2025-10-28T06:25:43.625199795Z fi
2025-10-28T06:25:43.625203591Z 
2025-10-28T06:25:43.625207427Z PATH="$PATH:/home/site/wwwroot" npm start
2025-10-28T06:25:49.927583882Z npm info using npm@10.9.2
2025-10-28T06:25:49.927619484Z npm info using node@v20.19.3
2025-10-28T06:26:04.811237844Z 
2025-10-28T06:26:04.811251206Z > bigin-webhook-server@2.0.0 start
2025-10-28T06:26:04.811257809Z > node server.js
2025-10-28T06:26:04.811262579Z 
2025-10-28T06:26:05.091313159Z /home/site/wwwroot/server.js:314
2025-10-28T06:26:05.091349885Z const PORT = process.env.PORT || 8080;
2025-10-28T06:26:05.091355425Z       ^
2025-10-28T06:26:05.091359942Z 
2025-10-28T06:26:05.091364282Z SyntaxError: Identifier 'PORT' has already been declared
2025-10-28T06:26:05.091368549Z     at wrapSafe (node:internal/modules/cjs/loader:1472:18)
2025-10-28T06:26:05.091373027Z     at Module._compile (node:internal/modules/cjs/loader:1501:20)
2025-10-28T06:26:05.091377703Z     at Module._extensions..js (node:internal/modules/cjs/loader:1613:10)
2025-10-28T06:26:05.091382007Z     at Module.load (node:internal/modules/cjs/loader:1275:32)
2025-10-28T06:26:05.091386330Z     at Module._load (node:internal/modules/cjs/loader:1096:12)
2025-10-28T06:26:05.091390677Z     at Function.executeUserEntryPoint [as runMain] (node:internal/modules/run_main:164:12)
2025-10-28T06:26:05.091395085Z     at node:internal/main/run_main_module:28:49
2025-10-28T06:26:05.091399332Z 
2025-10-28T06:26:05.091495788Z Node.js v20.19.3
2025-10-28T06:26:05.091501161Z npm http fetch GET 200 https://registry.npmjs.org/npm 3473ms
2025-10-28T06:26:05.091505596Z npm notice
2025-10-28T06:26:05.091509767Z npm notice New major version of npm available! 10.9.2 -> 11.6.2
2025-10-28T06:26:05.091514605Z npm notice Changelog: https://github.com/npm/cli/releases/tag/v11.6.2
2025-10-28T06:26:05.091518921Z npm notice To update run: npm install -g npm@11.6.2
2025-10-28T06:26:05.091523374Z npm notice

2025-10-28T06:26:31.032202665Z    _____                               
2025-10-28T06:26:31.033160415Z   /  _  \ __________ _________   ____  
2025-10-28T06:26:31.033169710Z  /  /_\  \\___   /  |  \_  __ \_/ __ \ 
2025-10-28T06:26:31.033173635Z /    |    \/    /|  |  /|  | \/\  ___/ 
2025-10-28T06:26:31.033177159Z \____|__  /_____ \____/ |__|    \___  >
2025-10-28T06:26:31.033180702Z         \/      \/                  \/ 
2025-10-28T06:26:31.033184013Z A P P   S E R V I C E   O N   L I N U X
2025-10-28T06:26:31.033187400Z 
2025-10-28T06:26:31.033190622Z Documentation: http://aka.ms/webapp-linux
2025-10-28T06:26:31.033193823Z NodeJS quickstart: https://aka.ms/node-qs
2025-10-28T06:26:31.033197008Z NodeJS Version : v20.19.3
2025-10-28T06:26:31.033200172Z Note: Any data outside '/home' is not persisted
2025-10-28T06:26:31.033203502Z 
2025-10-28T06:26:37.344776478Z Starting OpenBSD Secure Shell server: sshd.
2025-10-28T06:26:37.477867311Z WEBSITES_INCLUDE_CLOUD_CERTS is not set to true.
2025-10-28T06:26:37.753447888Z Updating certificates in /etc/ssl/certs...
2025-10-28T06:26:55.827638206Z rehash: warning: skipping ca-certificates.crt,it does not contain exactly one certificate or CRL
2025-10-28T06:26:55.856480993Z 4 added, 0 removed; done.
2025-10-28T06:26:55.867899970Z Running hooks in /etc/ca-certificates/update.d...
2025-10-28T06:26:55.867909382Z done.
2025-10-28T06:26:55.867914205Z CA certificates copied and updated successfully.
2025-10-28T06:26:56.178255728Z Starting periodic command scheduler: cron.
2025-10-28T06:26:56.490172858Z Could not find build manifest file at '/home/site/wwwroot/oryx-manifest.toml'
2025-10-28T06:26:56.490199198Z Could not find operation ID in manifest. Generating an operation id...
2025-10-28T06:26:56.490204663Z Build Operation ID: 75dc8505-9022-48cf-ba55-50d8ec5f9c0b
2025-10-28T06:26:57.168090522Z Environment Variables for Application Insight's IPA Codeless Configuration exists..
2025-10-28T06:26:57.168118531Z Writing output script to '/opt/startup/startup.sh'
2025-10-28T06:26:57.168123939Z Running #!/bin/sh
2025-10-28T06:26:57.168144447Z 
2025-10-28T06:26:57.168148779Z # Enter the source directory to make sure the script runs where the user expects
2025-10-28T06:26:57.168153292Z cd "/home/site/wwwroot"
2025-10-28T06:26:57.168157561Z 
2025-10-28T06:26:57.168161976Z export NODE_PATH=/usr/local/lib/node_modules:$NODE_PATH
2025-10-28T06:26:57.168166327Z if [ -z "$PORT" ]; then
2025-10-28T06:26:57.168170585Z 		export PORT=8080
2025-10-28T06:26:57.168175051Z fi
2025-10-28T06:26:57.168179083Z 
2025-10-28T06:26:57.168183171Z PATH="$PATH:/home/site/wwwroot" npm start
2025-10-28T06:26:58.763664687Z npm info using npm@10.9.2
2025-10-28T06:26:58.763695667Z npm info using node@v20.19.3
2025-10-28T06:27:05.840577522Z 
2025-10-28T06:27:05.840620198Z > bigin-webhook-server@2.0.0 start
2025-10-28T06:27:05.840625673Z > node server.js
2025-10-28T06:27:05.840629944Z 
2025-10-28T06:27:06.913430464Z /home/site/wwwroot/server.js:314
2025-10-28T06:27:06.913519675Z const PORT = process.env.PORT || 8080;
2025-10-28T06:27:06.913524172Z       ^
2025-10-28T06:27:06.913532198Z 
2025-10-28T06:27:06.913535758Z SyntaxError: Identifier 'PORT' has already been declared
2025-10-28T06:27:06.913539322Z     at wrapSafe (node:internal/modules/cjs/loader:1472:18)
2025-10-28T06:27:06.913542949Z     at Module._compile (node:internal/modules/cjs/loader:1501:20)
2025-10-28T06:27:06.913546523Z     at Module._extensions..js (node:internal/modules/cjs/loader:1613:10)
2025-10-28T06:27:06.913550191Z     at Module.load (node:internal/modules/cjs/loader:1275:32)
2025-10-28T06:27:06.913553776Z     at Module._load (node:internal/modules/cjs/loader:1096:12)
2025-10-28T06:27:06.913557294Z     at Function.executeUserEntryPoint [as runMain] (node:internal/modules/run_main:164:12)
2025-10-28T06:27:06.913560841Z     at node:internal/main/run_main_module:28:49
2025-10-28T06:27:06.913564411Z 
2025-10-28T06:27:06.913567785Z Node.js v20.19.3
2025-10-28T06:27:07.052800925Z npm http fetch GET 200 https://registry.npmjs.org/npm 1744ms
2025-10-28T06:27:07.052821882Z npm notice
2025-10-28T06:27:07.052825641Z npm notice New major version of npm available! 10.9.2 -> 11.6.2
2025-10-28T06:27:07.052829238Z npm notice Changelog: https://github.com/npm/cli/releases/tag/v11.6.2
2025-10-28T06:27:07.052832439Z npm notice To update run: npm install -g npm@11.6.2
2025-10-28T06:27:07.052835534Z npm notice

2025-10-28T06:30:41.967098907Z    _____                               
2025-10-28T06:30:41.967135416Z   /  _  \ __________ _________   ____  
2025-10-28T06:30:41.967140223Z  /  /_\  \\___   /  |  \_  __ \_/ __ \ 
2025-10-28T06:30:41.967143898Z /    |    \/    /|  |  /|  | \/\  ___/ 
2025-10-28T06:30:41.967147384Z \____|__  /_____ \____/ |__|    \___  >
2025-10-28T06:30:41.967150944Z         \/      \/                  \/ 
2025-10-28T06:30:41.967154368Z A P P   S E R V I C E   O N   L I N U X
2025-10-28T06:30:41.967157656Z 
2025-10-28T06:30:41.967161086Z Documentation: http://aka.ms/webapp-linux
2025-10-28T06:30:41.967164374Z NodeJS quickstart: https://aka.ms/node-qs
2025-10-28T06:30:41.967167691Z NodeJS Version : v20.19.3
2025-10-28T06:30:41.967170886Z Note: Any data outside '/home' is not persisted
2025-10-28T06:30:41.967174178Z 
2025-10-28T06:30:51.440755982Z Starting OpenBSD Secure Shell server: sshd.
2025-10-28T06:30:51.440782524Z WEBSITES_INCLUDE_CLOUD_CERTS is not set to true.
2025-10-28T06:30:51.508162173Z Updating certificates in /etc/ssl/certs...
2025-10-28T06:31:04.487085006Z rehash: warning: skipping ca-certificates.crt,it does not contain exactly one certificate or CRL
2025-10-28T06:31:04.555943964Z 4 added, 0 removed; done.
2025-10-28T06:31:04.555988884Z Running hooks in /etc/ca-certificates/update.d...
2025-10-28T06:31:04.555994222Z done.
2025-10-28T06:31:04.555998869Z CA certificates copied and updated successfully.
2025-10-28T06:31:04.856783120Z Starting periodic command scheduler: cron.
2025-10-28T06:31:05.028426221Z Could not find build manifest file at '/home/site/wwwroot/oryx-manifest.toml'
2025-10-28T06:31:05.028445218Z Could not find operation ID in manifest. Generating an operation id...
2025-10-28T06:31:05.028449423Z Build Operation ID: df2e6d41-e364-4cd2-88a6-ca26b0d28f2e
2025-10-28T06:31:05.677244797Z Environment Variables for Application Insight's IPA Codeless Configuration exists..
2025-10-28T06:31:05.677264885Z Writing output script to '/opt/startup/startup.sh'
2025-10-28T06:31:05.677268744Z Running #!/bin/sh
2025-10-28T06:31:05.677272512Z 
2025-10-28T06:31:05.677275536Z # Enter the source directory to make sure the script runs where the user expects
2025-10-28T06:31:05.677278676Z cd "/home/site/wwwroot"
2025-10-28T06:31:05.677281868Z 
2025-10-28T06:31:05.677284798Z export NODE_PATH=/usr/local/lib/node_modules:$NODE_PATH
2025-10-28T06:31:05.677287940Z if [ -z "$PORT" ]; then
2025-10-28T06:31:05.677291406Z 		export PORT=8080
2025-10-28T06:31:05.677294677Z fi
2025-10-28T06:31:05.677297587Z 
2025-10-28T06:31:05.677300576Z PATH="$PATH:/home/site/wwwroot" npm start
2025-10-28T06:31:07.861992349Z npm info using npm@10.9.2
2025-10-28T06:31:07.891956655Z npm info using node@v20.19.3
2025-10-28T06:31:12.364157173Z 
2025-10-28T06:31:12.364179852Z > bigin-webhook-server@2.0.0 start
2025-10-28T06:31:12.364183579Z > node server.js
2025-10-28T06:31:12.364186381Z 
2025-10-28T06:31:12.716453071Z /home/site/wwwroot/server.js:314
2025-10-28T06:31:12.716471439Z const PORT = process.env.PORT || 8080;
2025-10-28T06:31:12.716475713Z       ^
2025-10-28T06:31:12.716495583Z 
2025-10-28T06:31:12.716498823Z SyntaxError: Identifier 'PORT' has already been declared
2025-10-28T06:31:12.716501632Z     at wrapSafe (node:internal/modules/cjs/loader:1472:18)
2025-10-28T06:31:12.716504541Z     at Module._compile (node:internal/modules/cjs/loader:1501:20)
2025-10-28T06:31:12.716507403Z     at Module._extensions..js (node:internal/modules/cjs/loader:1613:10)
2025-10-28T06:31:12.716510208Z     at Module.load (node:internal/modules/cjs/loader:1275:32)
2025-10-28T06:31:12.716512986Z     at Module._load (node:internal/modules/cjs/loader:1096:12)
2025-10-28T06:31:12.716515792Z     at Function.executeUserEntryPoint [as runMain] (node:internal/modules/run_main:164:12)
2025-10-28T06:31:12.716524471Z     at node:internal/main/run_main_module:28:49
2025-10-28T06:31:12.716527311Z 
2025-10-28T06:31:12.716530018Z Node.js v20.19.3
2025-10-28T06:31:13.315597501Z npm http fetch GET 200 https://registry.npmjs.org/npm 1564ms
2025-10-28T06:31:13.315614826Z npm notice
2025-10-28T06:31:13.315617710Z npm notice New major version of npm available! 10.9.2 -> 11.6.2
2025-10-28T06:31:13.315620729Z npm notice Changelog: https://github.com/npm/cli/releases/tag/v11.6.2
2025-10-28T06:31:13.315623079Z npm notice To update run: npm install -g npm@11.6.2
2025-10-28T06:31:13.315625644Z npm notice

2025-10-28T06:43:29.710122575Z    _____                               
2025-10-28T06:43:29.710218125Z   /  _  \ __________ _________   ____  
2025-10-28T06:43:29.710224362Z  /  /_\  \\___   /  |  \_  __ \_/ __ \ 
2025-10-28T06:43:29.710227757Z /    |    \/    /|  |  /|  | \/\  ___/ 
2025-10-28T06:43:29.710230946Z \____|__  /_____ \____/ |__|    \___  >
2025-10-28T06:43:29.710234656Z         \/      \/                  \/ 
2025-10-28T06:43:29.710237848Z A P P   S E R V I C E   O N   L I N U X
2025-10-28T06:43:29.710240876Z 
2025-10-28T06:43:29.710243729Z Documentation: http://aka.ms/webapp-linux
2025-10-28T06:43:29.710246741Z NodeJS quickstart: https://aka.ms/node-qs
2025-10-28T06:43:29.710249697Z NodeJS Version : v20.19.3
2025-10-28T06:43:29.710252674Z Note: Any data outside '/home' is not persisted
2025-10-28T06:43:29.710256274Z 
2025-10-28T06:43:35.926858555Z Starting OpenBSD Secure Shell server: sshd.
2025-10-28T06:43:35.948255597Z WEBSITES_INCLUDE_CLOUD_CERTS is not set to true.
2025-10-28T06:43:36.007191253Z Updating certificates in /etc/ssl/certs...
2025-10-28T06:43:47.411043491Z rehash: warning: skipping ca-certificates.crt,it does not contain exactly one certificate or CRL
2025-10-28T06:43:47.632874780Z 4 added, 0 removed; done.
2025-10-28T06:43:47.632892352Z Running hooks in /etc/ca-certificates/update.d...
2025-10-28T06:43:47.643948853Z done.
2025-10-28T06:43:47.749403818Z CA certificates copied and updated successfully.
2025-10-28T06:43:47.911399408Z Starting periodic command scheduler: cron.
2025-10-28T06:43:48.052028675Z Could not find build manifest file at '/home/site/wwwroot/oryx-manifest.toml'
2025-10-28T06:43:48.052068524Z Could not find operation ID in manifest. Generating an operation id...
2025-10-28T06:43:48.052073394Z Build Operation ID: 4e241a26-f02d-417a-beed-e88f18991236
2025-10-28T06:43:48.301660532Z Environment Variables for Application Insight's IPA Codeless Configuration exists..
2025-10-28T06:43:48.360522525Z Writing output script to '/opt/startup/startup.sh'
2025-10-28T06:43:48.413273360Z Running #!/bin/sh
2025-10-28T06:43:48.413296965Z 
2025-10-28T06:43:48.413300659Z # Enter the source directory to make sure the script runs where the user expects
2025-10-28T06:43:48.413303698Z cd "/home/site/wwwroot"
2025-10-28T06:43:48.413306423Z 
2025-10-28T06:43:48.413308991Z export NODE_PATH=/usr/local/lib/node_modules:$NODE_PATH
2025-10-28T06:43:48.413311828Z if [ -z "$PORT" ]; then
2025-10-28T06:43:48.413314739Z 		export PORT=8080
2025-10-28T06:43:48.413317665Z fi
2025-10-28T06:43:48.413320176Z 
2025-10-28T06:43:48.413322694Z PATH="$PATH:/home/site/wwwroot" npm start
2025-10-28T06:43:50.696394393Z npm info using npm@10.9.2
2025-10-28T06:43:50.703976862Z npm info using node@v20.19.3
2025-10-28T06:43:54.518043836Z 
2025-10-28T06:43:54.518113254Z > bigin-webhook-server@2.0.0 start
2025-10-28T06:43:54.518118486Z > node server.js
2025-10-28T06:43:54.518121927Z 
2025-10-28T06:43:55.010239394Z /home/site/wwwroot/server.js:314
2025-10-28T06:43:55.010279633Z const PORT = process.env.PORT || 8080;
2025-10-28T06:43:55.010283201Z       ^
2025-10-28T06:43:55.010285946Z 
2025-10-28T06:43:55.010289165Z SyntaxError: Identifier 'PORT' has already been declared
2025-10-28T06:43:55.010291970Z     at wrapSafe (node:internal/modules/cjs/loader:1472:18)
2025-10-28T06:43:55.010294829Z     at Module._compile (node:internal/modules/cjs/loader:1501:20)
2025-10-28T06:43:55.010297596Z     at Module._extensions..js (node:internal/modules/cjs/loader:1613:10)
2025-10-28T06:43:55.010300208Z     at Module.load (node:internal/modules/cjs/loader:1275:32)
2025-10-28T06:43:55.010302789Z     at Module._load (node:internal/modules/cjs/loader:1096:12)
2025-10-28T06:43:55.010305516Z     at Function.executeUserEntryPoint [as runMain] (node:internal/modules/run_main:164:12)
2025-10-28T06:43:55.010308184Z     at node:internal/main/run_main_module:28:49
2025-10-28T06:43:55.020688348Z 
2025-10-28T06:43:55.020771672Z Node.js v20.19.3
2025-10-28T06:43:55.219866664Z npm http fetch GET 200 https://registry.npmjs.org/npm 1099ms
2025-10-28T06:43:55.219890544Z npm notice
2025-10-28T06:43:55.219893464Z npm notice New major version of npm available! 10.9.2 -> 11.6.2
2025-10-28T06:43:55.219896300Z npm notice Changelog: https://github.com/npm/cli/releases/tag/v11.6.2
2025-10-28T06:43:55.219898942Z npm notice To update run: npm install -g npm@11.6.2
2025-10-28T06:43:55.219901277Z npm notice

2025-10-28T06:53:48.919145781Z    _____                               
2025-10-28T06:53:48.955596684Z   /  _  \ __________ _________   ____  
2025-10-28T06:53:48.955602822Z  /  /_\  \\___   /  |  \_  __ \_/ __ \ 
2025-10-28T06:53:48.955606347Z /    |    \/    /|  |  /|  | \/\  ___/ 
2025-10-28T06:53:48.955609196Z \____|__  /_____ \____/ |__|    \___  >
2025-10-28T06:53:48.955612242Z         \/      \/                  \/ 
2025-10-28T06:53:48.955615038Z A P P   S E R V I C E   O N   L I N U X
2025-10-28T06:53:48.955617705Z 
2025-10-28T06:53:48.955620215Z Documentation: http://aka.ms/webapp-linux
2025-10-28T06:53:48.955622848Z NodeJS quickstart: https://aka.ms/node-qs
2025-10-28T06:53:48.955625739Z NodeJS Version : v20.19.3
2025-10-28T06:53:48.955628378Z Note: Any data outside '/home' is not persisted
2025-10-28T06:53:48.955631099Z 
2025-10-28T06:53:52.670738550Z Starting OpenBSD Secure Shell server: sshd.
2025-10-28T06:53:52.691738170Z WEBSITES_INCLUDE_CLOUD_CERTS is not set to true.
2025-10-28T06:53:52.780683476Z Updating certificates in /etc/ssl/certs...
2025-10-28T06:54:05.498494338Z rehash: warning: skipping ca-certificates.crt,it does not contain exactly one certificate or CRL
2025-10-28T06:54:05.538025099Z 4 added, 0 removed; done.
2025-10-28T06:54:05.538048439Z Running hooks in /etc/ca-certificates/update.d...
2025-10-28T06:54:05.559100492Z done.
2025-10-28T06:54:05.620223297Z CA certificates copied and updated successfully.
2025-10-28T06:54:05.890693560Z Starting periodic command scheduler: cron.
2025-10-28T06:54:06.203171112Z Found build manifest file at '/home/site/wwwroot/oryx-manifest.toml'. Deserializing it...
2025-10-28T06:54:06.211369827Z Build Operation ID: 9200c66bd4b77d86
2025-10-28T06:54:06.213613364Z Environment Variables for Application Insight's IPA Codeless Configuration exists..
2025-10-28T06:54:06.483400023Z Writing output script to '/opt/startup/startup.sh'
2025-10-28T06:54:06.644881874Z Running #!/bin/sh
2025-10-28T06:54:06.644892079Z 
2025-10-28T06:54:06.644896417Z # Enter the source directory to make sure the script runs where the user expects
2025-10-28T06:54:06.644900684Z cd "/home/site/wwwroot"
2025-10-28T06:54:06.644905123Z 
2025-10-28T06:54:06.644909057Z export NODE_PATH=/usr/local/lib/node_modules:$NODE_PATH
2025-10-28T06:54:06.644913112Z if [ -z "$PORT" ]; then
2025-10-28T06:54:06.644917220Z 		export PORT=8080
2025-10-28T06:54:06.644921549Z fi
2025-10-28T06:54:06.644925437Z 
2025-10-28T06:54:06.644929295Z echo Found tar.gz based node_modules.
2025-10-28T06:54:06.644933293Z extractionCommand="tar -xzf node_modules.tar.gz -C /node_modules"
2025-10-28T06:54:06.644948959Z echo "Removing existing modules directory from root..."
2025-10-28T06:54:06.644952545Z rm -fr /node_modules
2025-10-28T06:54:06.644955498Z mkdir -p /node_modules
2025-10-28T06:54:06.644958485Z echo Extracting modules...
2025-10-28T06:54:06.644961402Z $extractionCommand
2025-10-28T06:54:06.644964289Z export NODE_PATH="/node_modules":$NODE_PATH
2025-10-28T06:54:06.644967407Z export PATH=/node_modules/.bin:$PATH
2025-10-28T06:54:06.644970417Z if [ -d node_modules ]; then
2025-10-28T06:54:06.644973369Z     mv -f node_modules _del_node_modules || true
2025-10-28T06:54:06.644976378Z fi
2025-10-28T06:54:06.644979227Z 
2025-10-28T06:54:06.644982095Z if [ -d /node_modules ]; then
2025-10-28T06:54:06.644985020Z     ln -sfn /node_modules ./node_modules 
2025-10-28T06:54:06.644987960Z fi
2025-10-28T06:54:06.644990764Z 
2025-10-28T06:54:06.644993657Z echo "Done."
2025-10-28T06:54:06.644996686Z PATH="$PATH:/home/site/wwwroot" npm start
2025-10-28T06:54:06.685673248Z Found tar.gz based node_modules.
2025-10-28T06:54:06.685693093Z Removing existing modules directory from root...
2025-10-28T06:54:06.734069199Z Extracting modules...
2025-10-28T06:54:08.504631782Z Done.
2025-10-28T06:54:09.940364999Z npm info using npm@10.9.2
2025-10-28T06:54:10.006714772Z npm info using node@v20.19.3
2025-10-28T06:54:13.815787613Z 
2025-10-28T06:54:13.815927768Z > bigin-webhook-server@2.0.0 start
2025-10-28T06:54:13.815933999Z > node server.js
2025-10-28T06:54:13.815939009Z 
2025-10-28T06:54:14.328971271Z /home/site/wwwroot/server.js:314
2025-10-28T06:54:14.329026162Z const PORT = process.env.PORT || 8080;
2025-10-28T06:54:14.329031903Z       ^
2025-10-28T06:54:14.329036436Z 
2025-10-28T06:54:14.329045900Z SyntaxError: Identifier 'PORT' has already been declared
2025-10-28T06:54:14.329050290Z     at wrapSafe (node:internal/modules/cjs/loader:1472:18)
2025-10-28T06:54:14.329054905Z     at Module._compile (node:internal/modules/cjs/loader:1501:20)
2025-10-28T06:54:14.329059331Z     at Module._extensions..js (node:internal/modules/cjs/loader:1613:10)
2025-10-28T06:54:14.329063979Z     at Module.load (node:internal/modules/cjs/loader:1275:32)
2025-10-28T06:54:14.329068276Z     at Module._load (node:internal/modules/cjs/loader:1096:12)
2025-10-28T06:54:14.329072692Z     at Function.executeUserEntryPoint [as runMain] (node:internal/modules/run_main:164:12)
2025-10-28T06:54:14.329077107Z     at node:internal/main/run_main_module:28:49
2025-10-28T06:54:14.329713363Z 
2025-10-28T06:54:14.329740652Z Node.js v20.19.3
2025-10-28T06:54:14.483364000Z npm http fetch GET 200 https://registry.npmjs.org/npm 1044ms
2025-10-28T06:54:14.510412135Z npm notice
2025-10-28T06:54:14.510436870Z npm notice New major version of npm available! 10.9.2 -> 11.6.2
2025-10-28T06:54:14.510441677Z npm notice Changelog: https://github.com/npm/cli/releases/tag/v11.6.2
2025-10-28T06:54:14.510445201Z npm notice To update run: npm install -g npm@11.6.2
2025-10-28T06:54:14.510448721Z npm notice

2025-10-28T06:57:31.635590569Z    _____                               
2025-10-28T06:57:31.635649937Z   /  _  \ __________ _________   ____  
2025-10-28T06:57:31.635653780Z  /  /_\  \\___   /  |  \_  __ \_/ __ \ 
2025-10-28T06:57:31.635656454Z /    |    \/    /|  |  /|  | \/\  ___/ 
2025-10-28T06:57:31.635658911Z \____|__  /_____ \____/ |__|    \___  >
2025-10-28T06:57:31.635661374Z         \/      \/                  \/ 
2025-10-28T06:57:31.635663708Z A P P   S E R V I C E   O N   L I N U X
2025-10-28T06:57:31.635666054Z 
2025-10-28T06:57:31.635668345Z Documentation: http://aka.ms/webapp-linux
2025-10-28T06:57:31.635670556Z NodeJS quickstart: https://aka.ms/node-qs
2025-10-28T06:57:31.635672862Z NodeJS Version : v20.19.3
2025-10-28T06:57:31.635675067Z Note: Any data outside '/home' is not persisted
2025-10-28T06:57:31.635677458Z 
2025-10-28T06:57:34.169968532Z Starting OpenBSD Secure Shell server: sshd.
2025-10-28T06:57:34.191106553Z WEBSITES_INCLUDE_CLOUD_CERTS is not set to true.
2025-10-28T06:57:34.251990064Z Updating certificates in /etc/ssl/certs...
2025-10-28T06:57:44.818763949Z rehash: warning: skipping ca-certificates.crt,it does not contain exactly one certificate or CRL
2025-10-28T06:57:44.842397589Z 4 added, 0 removed; done.
2025-10-28T06:57:44.850048630Z Running hooks in /etc/ca-certificates/update.d...
2025-10-28T06:57:44.860830272Z done.
2025-10-28T06:57:44.882242505Z CA certificates copied and updated successfully.
2025-10-28T06:57:45.031455576Z Starting periodic command scheduler: cron.
2025-10-28T06:57:45.221464815Z Found build manifest file at '/home/site/wwwroot/oryx-manifest.toml'. Deserializing it...
2025-10-28T06:57:45.223176612Z Build Operation ID: 9200c66bd4b77d86
2025-10-28T06:57:45.232035826Z Environment Variables for Application Insight's IPA Codeless Configuration exists..
2025-10-28T06:57:45.656710270Z Writing output script to '/opt/startup/startup.sh'
2025-10-28T06:57:45.705222006Z Running #!/bin/sh
2025-10-28T06:57:45.705240246Z 
2025-10-28T06:57:45.705280050Z # Enter the source directory to make sure the script runs where the user expects
2025-10-28T06:57:45.705284008Z cd "/home/site/wwwroot"
2025-10-28T06:57:45.705286744Z 
2025-10-28T06:57:45.705289431Z export NODE_PATH=/usr/local/lib/node_modules:$NODE_PATH
2025-10-28T06:57:45.705292280Z if [ -z "$PORT" ]; then
2025-10-28T06:57:45.705295163Z 		export PORT=8080
2025-10-28T06:57:45.705298069Z fi
2025-10-28T06:57:45.705300627Z 
2025-10-28T06:57:45.705303099Z echo Found tar.gz based node_modules.
2025-10-28T06:57:45.705305683Z extractionCommand="tar -xzf node_modules.tar.gz -C /node_modules"
2025-10-28T06:57:45.705318201Z echo "Removing existing modules directory from root..."
2025-10-28T06:57:45.705321338Z rm -fr /node_modules
2025-10-28T06:57:45.705323911Z mkdir -p /node_modules
2025-10-28T06:57:45.705326534Z echo Extracting modules...
2025-10-28T06:57:45.705329127Z $extractionCommand
2025-10-28T06:57:45.705331730Z export NODE_PATH="/node_modules":$NODE_PATH
2025-10-28T06:57:45.705334824Z export PATH=/node_modules/.bin:$PATH
2025-10-28T06:57:45.705337381Z if [ -d node_modules ]; then
2025-10-28T06:57:45.705339943Z     mv -f node_modules _del_node_modules || true
2025-10-28T06:57:45.705342612Z fi
2025-10-28T06:57:45.705350739Z 
2025-10-28T06:57:45.705353609Z if [ -d /node_modules ]; then
2025-10-28T06:57:45.705356268Z     ln -sfn /node_modules ./node_modules 
2025-10-28T06:57:45.705359108Z fi
2025-10-28T06:57:45.705361573Z 
2025-10-28T06:57:45.705364026Z echo "Done."
2025-10-28T06:57:45.706397770Z PATH="$PATH:/home/site/wwwroot" npm start
2025-10-28T06:57:45.723576268Z Found tar.gz based node_modules.
2025-10-28T06:57:45.723591555Z Removing existing modules directory from root...
2025-10-28T06:57:45.752236321Z Extracting modules...
2025-10-28T06:57:46.578292976Z Done.
2025-10-28T06:57:48.170260790Z npm info using npm@10.9.2
2025-10-28T06:57:48.170780785Z npm info using node@v20.19.3
2025-10-28T06:57:51.618577635Z 
2025-10-28T06:57:51.618636758Z > bigin-webhook-server@2.0.0 start
2025-10-28T06:57:51.618642995Z > node server.js
2025-10-28T06:57:51.618647656Z 
2025-10-28T06:57:52.472343560Z /home/site/wwwroot/server.js:314
2025-10-28T06:57:52.472402327Z const PORT = process.env.PORT || 8080;
2025-10-28T06:57:52.472406932Z       ^
2025-10-28T06:57:52.472410417Z 
2025-10-28T06:57:52.472413744Z SyntaxError: Identifier 'PORT' has already been declared
2025-10-28T06:57:52.472417323Z     at wrapSafe (node:internal/modules/cjs/loader:1472:18)
2025-10-28T06:57:52.472420878Z     at Module._compile (node:internal/modules/cjs/loader:1501:20)
2025-10-28T06:57:52.472424510Z     at Module._extensions..js (node:internal/modules/cjs/loader:1613:10)
2025-10-28T06:57:52.472427974Z     at Module.load (node:internal/modules/cjs/loader:1275:32)
2025-10-28T06:57:52.472431506Z     at Module._load (node:internal/modules/cjs/loader:1096:12)
2025-10-28T06:57:52.472434989Z     at Function.executeUserEntryPoint [as runMain] (node:internal/modules/run_main:164:12)
2025-10-28T06:57:52.472438505Z     at node:internal/main/run_main_module:28:49
2025-10-28T06:57:52.481156407Z 
2025-10-28T06:57:52.481197951Z Node.js v20.19.3
2025-10-28T06:57:52.502513811Z npm http fetch GET 200 https://registry.npmjs.org/npm 915ms
2025-10-28T06:57:52.531991276Z npm notice
2025-10-28T06:57:52.532006527Z npm notice New major version of npm available! 10.9.2 -> 11.6.2
2025-10-28T06:57:52.532010987Z npm notice Changelog: https://github.com/npm/cli/releases/tag/v11.6.2
2025-10-28T06:57:52.532013858Z npm notice To update run: npm install -g npm@11.6.2
2025-10-28T06:57:52.532016547Z npm notice

2025-10-28T07:01:00.779572730Z    _____                               
2025-10-28T07:01:00.779783182Z   /  _  \ __________ _________   ____  
2025-10-28T07:01:00.779792321Z  /  /_\  \\___   /  |  \_  __ \_/ __ \ 
2025-10-28T07:01:00.779796039Z /    |    \/    /|  |  /|  | \/\  ___/ 
2025-10-28T07:01:00.779799667Z \____|__  /_____ \____/ |__|    \___  >
2025-10-28T07:01:00.779803497Z         \/      \/                  \/ 
2025-10-28T07:01:00.779806824Z A P P   S E R V I C E   O N   L I N U X
2025-10-28T07:01:00.779810162Z 
2025-10-28T07:01:00.779813213Z Documentation: http://aka.ms/webapp-linux
2025-10-28T07:01:00.779816419Z NodeJS quickstart: https://aka.ms/node-qs
2025-10-28T07:01:00.779819612Z NodeJS Version : v20.19.3
2025-10-28T07:01:00.779822870Z Note: Any data outside '/home' is not persisted
2025-10-28T07:01:00.779826235Z 
2025-10-28T07:01:08.980920217Z Starting OpenBSD Secure Shell server: sshd.
2025-10-28T07:01:09.003388730Z WEBSITES_INCLUDE_CLOUD_CERTS is not set to true.
2025-10-28T07:01:09.052644289Z Updating certificates in /etc/ssl/certs...
2025-10-28T07:01:21.698582558Z rehash: warning: skipping ca-certificates.crt,it does not contain exactly one certificate or CRL
2025-10-28T07:01:21.738886705Z 4 added, 0 removed; done.
2025-10-28T07:01:21.748806215Z Running hooks in /etc/ca-certificates/update.d...
2025-10-28T07:01:21.757915656Z done.
2025-10-28T07:01:21.808747189Z CA certificates copied and updated successfully.
2025-10-28T07:01:22.135070284Z Starting periodic command scheduler: cron.
2025-10-28T07:01:22.256178289Z Found build manifest file at '/home/site/wwwroot/oryx-manifest.toml'. Deserializing it...
2025-10-28T07:01:22.266604338Z Build Operation ID: 9200c66bd4b77d86
2025-10-28T07:01:22.274026143Z Environment Variables for Application Insight's IPA Codeless Configuration exists..
2025-10-28T07:01:22.508404349Z Writing output script to '/opt/startup/startup.sh'
2025-10-28T07:01:22.568563611Z Running #!/bin/sh
2025-10-28T07:01:22.577539130Z 
2025-10-28T07:01:22.577544098Z # Enter the source directory to make sure the script runs where the user expects
2025-10-28T07:01:22.577547851Z cd "/home/site/wwwroot"
2025-10-28T07:01:22.577551505Z 
2025-10-28T07:01:22.577554697Z export NODE_PATH=/usr/local/lib/node_modules:$NODE_PATH
2025-10-28T07:01:22.577557784Z if [ -z "$PORT" ]; then
2025-10-28T07:01:22.577561067Z 		export PORT=8080
2025-10-28T07:01:22.577564351Z fi
2025-10-28T07:01:22.577567195Z 
2025-10-28T07:01:22.577570037Z echo Found tar.gz based node_modules.
2025-10-28T07:01:22.577573164Z extractionCommand="tar -xzf node_modules.tar.gz -C /node_modules"
2025-10-28T07:01:22.577588025Z echo "Removing existing modules directory from root..."
2025-10-28T07:01:22.577591496Z rm -fr /node_modules
2025-10-28T07:01:22.577594486Z mkdir -p /node_modules
2025-10-28T07:01:22.577597493Z echo Extracting modules...
2025-10-28T07:01:22.577600404Z $extractionCommand
2025-10-28T07:01:22.577603315Z export NODE_PATH="/node_modules":$NODE_PATH
2025-10-28T07:01:22.577606477Z export PATH=/node_modules/.bin:$PATH
2025-10-28T07:01:22.577609508Z if [ -d node_modules ]; then
2025-10-28T07:01:22.577612475Z     mv -f node_modules _del_node_modules || true
2025-10-28T07:01:22.577615448Z fi
2025-10-28T07:01:22.577618291Z 
2025-10-28T07:01:22.577621166Z if [ -d /node_modules ]; then
2025-10-28T07:01:22.577624148Z     ln -sfn /node_modules ./node_modules 
2025-10-28T07:01:22.577627094Z fi
2025-10-28T07:01:22.577629919Z 
2025-10-28T07:01:22.577632817Z echo "Done."
2025-10-28T07:01:22.577635844Z PATH="$PATH:/home/site/wwwroot" npm start
2025-10-28T07:01:22.596581723Z Found tar.gz based node_modules.
2025-10-28T07:01:22.596601503Z Removing existing modules directory from root...
2025-10-28T07:01:22.627581190Z Extracting modules...
2025-10-28T07:01:23.397994623Z Done.
2025-10-28T07:01:25.003589114Z npm info using npm@10.9.2
2025-10-28T07:01:25.011467238Z npm info using node@v20.19.3
2025-10-28T07:01:28.944755316Z 
2025-10-28T07:01:28.944823657Z > bigin-webhook-server@2.0.0 start
2025-10-28T07:01:28.944829504Z > node server.js
2025-10-28T07:01:28.944833964Z 
2025-10-28T07:01:29.357128350Z /home/site/wwwroot/server.js:314
2025-10-28T07:01:29.357155968Z const PORT = process.env.PORT || 8080;
2025-10-28T07:01:29.357160579Z       ^
2025-10-28T07:01:29.364285102Z 
2025-10-28T07:01:29.364299370Z SyntaxError: Identifier 'PORT' has already been declared
2025-10-28T07:01:29.364304330Z     at wrapSafe (node:internal/modules/cjs/loader:1472:18)
2025-10-28T07:01:29.364308909Z     at Module._compile (node:internal/modules/cjs/loader:1501:20)
2025-10-28T07:01:29.364313057Z     at Module._extensions..js (node:internal/modules/cjs/loader:1613:10)
2025-10-28T07:01:29.364317118Z     at Module.load (node:internal/modules/cjs/loader:1275:32)
2025-10-28T07:01:29.364321118Z     at Module._load (node:internal/modules/cjs/loader:1096:12)
2025-10-28T07:01:29.364325048Z     at Function.executeUserEntryPoint [as runMain] (node:internal/modules/run_main:164:12)
2025-10-28T07:01:29.364329196Z     at node:internal/main/run_main_module:28:49
2025-10-28T07:01:29.364333187Z 
2025-10-28T07:01:29.364352784Z Node.js v20.19.3
2025-10-28T07:01:29.587496734Z npm http fetch GET 200 https://registry.npmjs.org/npm 959ms
2025-10-28T07:01:29.618374775Z npm notice
2025-10-28T07:01:29.618420169Z npm notice New major version of npm available! 10.9.2 -> 11.6.2
2025-10-28T07:01:29.618426841Z npm notice Changelog: https://github.com/npm/cli/releases/tag/v11.6.2
2025-10-28T07:01:29.618430583Z npm notice To update run: npm install -g npm@11.6.2
2025-10-28T07:01:29.618433890Z npm notice

