2025-10-28T07:14:29.7859304Z,Updating submodules.,2b81fc26-f532-488c-9de1-de526b75aab9,0
2025-10-28T07:14:30.9627428Z,Preparing deployment for commit id '8c1ea983ad'.,0506fc25-6f13-4bbe-831d-81fdbed7dea9,0
2025-10-28T07:14:31.3102535Z,PreDeployment: context.CleanOutputPath False,cb89a4e4-2ac6-4952-82f2-e635a468d059,0
2025-10-28T07:14:31.4596791Z,PreDeployment: context.OutputPath /home/site/wwwroot,196fd003-2538-47e1-9770-f36ed1bf7ad8,0
2025-10-28T07:14:31.7022193Z,Repository path is /home/site/repository,60d40060-7b32-487c-aae4-691d8ebe10bb,0
2025-10-28T07:14:31.9019548Z,Running oryx build...,2ce27b67-64ed-46ec-9dfe-bce905fc0a81,0
	2025-10-28T07:14:31.9443239Z,Command: oryx build /home/site/repository -o /home/site/wwwroot --platform nodejs --platform-version 20 -p virtualenv_name= --log-file /tmp/build-debug.log  -i /tmp/8de15f1a3b87059 -p compress_node_modules=tar-gz | tee /tmp/oryx-build.log,,0
	2025-10-28T07:14:33.9997070Z,Operation performed by Microsoft Oryx&comma; https://github.com/Microsoft/Oryx,,0
	2025-10-28T07:14:34.0481809Z,You can report issues at https://github.com/Microsoft/Oryx/issues,,0
	2025-10-28T07:14:34.0883218Z,,,0
	2025-10-28T07:14:34.1089693Z,Oryx Version: 0.2.20250611.1+0649de32f1279969c9023dd41b389cce4bb94493&comma; Commit: 0649de32f1279969c9023dd41b389cce4bb94493&comma; ReleaseTagName: 20250611.1,,0
	2025-10-28T07:14:34.1278798Z,,,0
	2025-10-28T07:14:34.1670027Z,Build Operation ID: a308fdcde67120e8,,0
	2025-10-28T07:14:34.1904671Z,Repository Commit : 8c1ea983ad00c0164a56ba2c6b10208e0998cf3e,,0
	2025-10-28T07:14:34.2501550Z,OS Type           : bookworm,,0
	2025-10-28T07:14:34.2678494Z,Image Type        : githubactions,,0
	2025-10-28T07:14:34.2798114Z,,,0
	2025-10-28T07:14:34.3112072Z,Primary SDK Storage URL: https://oryx-cdn.microsoft.io,,0
	2025-10-28T07:14:34.3596624Z,Backup SDK Storage URL: https://oryxsdks-cdn.azureedge.net,,0
	2025-10-28T07:14:34.4171807Z,Detecting platforms...,,0
	2025-10-28T07:14:37.9422497Z,Detected following platforms:,,0
	2025-10-28T07:14:37.9695801Z,  nodejs: 20.19.5,,0
	2025-10-28T07:14:37.9924245Z,Version '20.19.5' of platform 'nodejs' is not installed. Generating script to install it...,,0
	2025-10-28T07:14:38.1838271Z,Detected the following frameworks: Express,,0
	2025-10-28T07:14:39.0466663Z,,,0
	2025-10-28T07:14:39.1283590Z,Using intermediate directory '/tmp/8de15f1a3b87059'.,,0
	2025-10-28T07:14:39.2192304Z,,,0
	2025-10-28T07:14:39.3381070Z,Copying files to the intermediate directory...,,0
	2025-10-28T07:14:41.1447589Z,Done in 3 sec(s).,,0
	2025-10-28T07:14:41.1896722Z,,,0
	2025-10-28T07:14:41.2361664Z,Source directory     : /tmp/8de15f1a3b87059,,0
	2025-10-28T07:14:41.2746647Z,Destination directory: /home/site/wwwroot,,0
	2025-10-28T07:14:41.2962646Z,,,0
	2025-10-28T07:14:41.3349071Z,,,0
	2025-10-28T07:14:41.3521720Z,Downloading and extracting 'nodejs' version '20.19.5' to '/tmp/oryx/platforms/nodejs/20.19.5'...,,0
	2025-10-28T07:14:41.3817966Z,Detected image debian flavor: bookworm.,,0
	2025-10-28T07:14:42.4822094Z,Downloaded in 1 sec(s).,,0
	2025-10-28T07:14:42.5528049Z,Verifying checksum...,,0
	2025-10-28T07:14:42.6236976Z,Extracting contents...,,0
	2025-10-28T07:14:48.7032657Z,performing sha512 checksum for: nodejs...,,0
	2025-10-28T07:14:49.2653396Z,Done in 8 sec(s).,,0
	2025-10-28T07:14:49.2873711Z,,,0
	2025-10-28T07:14:49.8494851Z,Removing existing manifest file,,0
	2025-10-28T07:14:49.8976333Z,Creating directory for command manifest file if it does not exist,,0
	2025-10-28T07:14:49.9374033Z,Creating a manifest file...,,0
	2025-10-28T07:14:49.9760871Z,Node Build Command Manifest file created.,,0
	2025-10-28T07:14:50.0174456Z,,,0
	2025-10-28T07:14:50.0540333Z,Found npm version spec to follow in package.json: '>=8.0.0',,0
	2025-10-28T07:14:50.0957807Z,Updating version of npm installed to meet the above version spec.,,0
	2025-10-28T07:15:04.7391454Z,,,0
	2025-10-28T07:15:04.8002279Z,removed 18 packages&comma; and changed 117 packages in 14s,,0
	2025-10-28T07:15:04.8285855Z,,,0
	2025-10-28T07:15:04.8604749Z,28 packages are looking for funding,,0
	2025-10-28T07:15:04.8780217Z,  run `npm fund` for details,,0
	2025-10-28T07:15:04.9175954Z,,,0
	2025-10-28T07:15:04.9575291Z,,,0
	2025-10-28T07:15:04.9815244Z,Using Node version:,,0
	2025-10-28T07:15:05.0176398Z,v20.19.5,,0
	2025-10-28T07:15:05.0403727Z,,,0
	2025-10-28T07:15:05.0679995Z,Using Npm version:,,0
	2025-10-28T07:15:05.5234807Z,11.6.2,,0
	2025-10-28T07:15:05.6142461Z,,,0
	2025-10-28T07:15:05.6364899Z,Running 'npm install'...,,0
	2025-10-28T07:15:05.6568658Z,,,0
	2025-10-28T07:15:14.1667763Z,,,0
	2025-10-28T07:15:14.2205709Z,added 79 packages&comma; and audited 80 packages in 8s,,0
	2025-10-28T07:15:14.2597139Z,,,0
	2025-10-28T07:15:14.2994722Z,17 packages are looking for funding,,0
	2025-10-28T07:15:14.3415442Z,  run `npm fund` for details,,0
	2025-10-28T07:15:14.3816587Z,,,0
	2025-10-28T07:15:14.4180872Z,found 0 vulnerabilities,,0
	2025-10-28T07:15:14.4595041Z,,,0
	2025-10-28T07:15:14.4801549Z,Zipping existing node_modules folder...,,0
	2025-10-28T07:15:15.5408115Z,Done in 1 sec(s).,,0
	2025-10-28T07:15:15.5806711Z,Preparing output...,,0
	2025-10-28T07:15:15.6661095Z,,,0
	2025-10-28T07:15:15.6776253Z,Copying files to destination directory '/home/site/wwwroot'...,,0
	2025-10-28T07:15:17.9888029Z,Done in 2 sec(s).,,0
	2025-10-28T07:15:18.0350163Z,,,0
	2025-10-28T07:15:18.0735003Z,Removing existing manifest file,,0
	2025-10-28T07:15:18.1033148Z,Creating a manifest file...,,0
	2025-10-28T07:15:18.1792048Z,Manifest file created.,,0
	2025-10-28T07:15:18.2080624Z,Copying .ostype to manifest output directory.,,0
	2025-10-28T07:15:18.2990601Z,,,0
	2025-10-28T07:15:18.3492738Z,Done in 40 sec(s).,,0
2025-10-28T07:15:18.9369812Z,Running post deployment command(s)...,a00f0bb8-b26e-4fb3-b3a8-494076674f72,0
2025-10-28T07:15:19.0893300Z,,fa52b034-9e52-4618-a044-5fa21a554cd8,0
2025-10-28T07:15:19.2615717Z,Generating summary of Oryx build,36bc2de4-71cb-4b10-9a79-9e40f2d6ba8d,0
2025-10-28T07:15:19.8017133Z,Parsing the build logs,0f4ed8db-c23c-4e52-92b5-01932b0be1b8,0
2025-10-28T07:15:20.0361015Z,Found 0 issue(s),732a4d50-be2f-459d-afad-e2317f3e4ab2,0
2025-10-28T07:15:20.3345933Z,,947036db-e104-4a6e-84b9-a45d10b6681e,0
2025-10-28T07:15:20.5380946Z,Build Summary :,f4f4d9da-d8df-44f9-a3a1-44e8cfae1957,0
2025-10-28T07:15:20.7670291Z,===============,f8517459-84cb-4a21-9855-ebbe97b3cb5e,0
2025-10-28T07:15:21.0071427Z,Errors (0),4a55a73d-5598-4f7a-8b87-3aeddea4a619,0
2025-10-28T07:15:21.2185268Z,Warnings (0),8d98e428-2ae2-4fd4-b1af-e34516c40ea7,0
2025-10-28T07:15:21.4586390Z,,5737c781-f7a5-4fba-a832-c21a6c4fbc76,0
2025-10-28T07:15:21.7597087Z,Triggering recycle (preview mode disabled).,585fd78c-3ff5-4586-9e3d-22a3db938049,0
2025-10-28T07:15:22.2098138Z,Deployment successful. deployer = GitHub deploymentPath = ,3023080a-9f8b-48c9-b809-184f1073b1b7,0
